Terminals unused in grammar

   IN


State 176 conflicts: 1 shift/reduce


Grammar

    0 $accept: pgm $end

    1 pgm: %empty
    2    | pgm d

    3 d: FUN ID '(' ae ')' ':' t '{' ss '}'
    4  | FUN ID '(' ae ')' ':' t ';'
    5  | VAR ID '=' e ';'
    6  | VAR ID ':' t ';'
    7  | VAR ID ':' t '=' e ';'
    8  | ENUM ID '{' de '}'
    9  | CLASS ID '{' dd '}'

   10 dd: %empty
   11   | dd d

   12 de: ID
   13   | de ',' ID

   14 ae: %empty
   15   | a

   16 a: av
   17  | a ',' av

   18 av: ID '=' e
   19   | ID ':' t
   20   | ID ':' t '=' e

   21 s: VAR ID '=' e ';'
   22  | VAR ID ':' t ';'
   23  | VAR ID ':' t '=' e ';'
   24  | e ';'
   25  | IF '(' ev ')' s
   26  | IF '(' ev ')' s ELSE s
   27  | FOR '(' ev ';' e ';' e ')' s
   28  | WHILE '(' ev ')' s
   29  | '{' ss '}'
   30  | ';'

   31 ss: %empty
   32   | ss s

   33 ev: e
   34   | VAR ID ':' t '=' e
   35   | VAR ID '=' e

   36 e: NUM
   37  | ID
   38  | STR
   39  | e '=' e
   40  | e '+' e
   41  | e '-' e
   42  | e '*' e
   43  | e '/' e
   44  | e '%' e
   45  | e '<' e
   46  | e "<=" e
   47  | e '>' e
   48  | e ">=" e
   49  | e "!=" e
   50  | e "==" e
   51  | e "<<" e
   52  | e ">>" e
   53  | e "&&" e
   54  | e "||" e
   55  | CAST '(' t ',' e ')'
   56  | '(' e ')'
   57  | "++" e
   58  | "--" e
   59  | e "++"
   60  | e "--"
   61  | e '.' e
   62  | e '[' ee ']'
   63  | e '(' eee ')'
   64  | '+' e
   65  | '-' e
   66  | '!' e
   67  | e '|' e
   68  | e '&' e
   69  | e '^' e
   70  | '&' e
   71  | '~' e
   72  | NEW t '(' eee ')'
   73  | NEW t '[' ee ']'

   74 eee: %empty
   75    | ee

   76 ee: e
   77   | ee ',' e

   78 ni: ID
   79   | ni '.' ID

   80 t: ni
   81  | t '[' ']'


Terminals, with rules where they appear

$end (0) 0
'!' (33) 66
'%' (37) 44
'&' (38) 68 70
'(' (40) 3 4 25 26 27 28 55 56 63 72
')' (41) 3 4 25 26 27 28 55 56 63 72
'*' (42) 42
'+' (43) 40 64
',' (44) 13 17 55 77
'-' (45) 41 65
'.' (46) 61 79
'/' (47) 43
':' (58) 3 4 6 7 19 20 22 23 34
';' (59) 4 5 6 7 21 22 23 24 27 30
'<' (60) 45
'=' (61) 5 7 18 20 21 23 34 35 39
'>' (62) 47
'[' (91) 62 73 81
']' (93) 62 73 81
'^' (94) 69
'{' (123) 3 8 9 29
'|' (124) 67
'}' (125) 3 8 9 29
'~' (126) 71
error (256)
VAR (258) 5 6 7 21 22 23 34 35
FUN (259) 3 4
ENUM (260) 8
CLASS (261) 9
IF (262) 25 26
ELSE (263) 26
WHILE (264) 28
FOR (265) 27
IN (266)
CAST (267) 55
NEW (268) 72 73
NUM (269) 36
ID (270) 3 4 5 6 7 8 9 12 13 18 19 20 21 22 23 34 35 37 78 79
STR (271) 38
"++" (272) 57 59
"--" (273) 58 60
"<<" (274) 51
">>" (275) 52
"==" (276) 50
"!=" (277) 49
">=" (278) 48
"<=" (279) 46
"&&" (280) 53
"||" (281) 54
PRE (282)
UMINUS (283)
POST (284)


Nonterminals, with rules where they appear

$accept (53)
    on left: 0
pgm (54)
    on left: 1 2, on right: 0 2
d (55)
    on left: 3 4 5 6 7 8 9, on right: 2 11
dd (56)
    on left: 10 11, on right: 9 11
de (57)
    on left: 12 13, on right: 8 13
ae (58)
    on left: 14 15, on right: 3 4
a (59)
    on left: 16 17, on right: 15 17
av (60)
    on left: 18 19 20, on right: 16 17
s (61)
    on left: 21 22 23 24 25 26 27 28 29 30, on right: 25 26 27 28 32
ss (62)
    on left: 31 32, on right: 3 29 32
ev (63)
    on left: 33 34 35, on right: 25 26 27 28
e (64)
    on left: 36 37 38 39 40 41 42 43 44 45 46 47 48 49 50 51 52 53
    54 55 56 57 58 59 60 61 62 63 64 65 66 67 68 69 70 71 72 73, on right:
    5 7 18 20 21 23 24 27 33 34 35 39 40 41 42 43 44 45 46 47 48 49
    50 51 52 53 54 55 56 57 58 59 60 61 62 63 64 65 66 67 68 69 70
    71 76 77
eee (65)
    on left: 74 75, on right: 63 72
ee (66)
    on left: 76 77, on right: 62 73 75 77
ni (67)
    on left: 78 79, on right: 79 80
t (68)
    on left: 80 81, on right: 3 4 6 7 19 20 22 23 34 55 72 73 81


State 0

    0 $accept: . pgm $end

    $default  reduce using rule 1 (pgm)

    pgm  go to state 1


State 1

    0 $accept: pgm . $end
    2 pgm: pgm . d

    $end   shift, and go to state 2
    VAR    shift, and go to state 3
    FUN    shift, and go to state 4
    ENUM   shift, and go to state 5
    CLASS  shift, and go to state 6

    d  go to state 7


State 2

    0 $accept: pgm $end .

    $default  accept


State 3

    5 d: VAR . ID '=' e ';'
    6  | VAR . ID ':' t ';'
    7  | VAR . ID ':' t '=' e ';'

    ID  shift, and go to state 8


State 4

    3 d: FUN . ID '(' ae ')' ':' t '{' ss '}'
    4  | FUN . ID '(' ae ')' ':' t ';'

    ID  shift, and go to state 9


State 5

    8 d: ENUM . ID '{' de '}'

    ID  shift, and go to state 10


State 6

    9 d: CLASS . ID '{' dd '}'

    ID  shift, and go to state 11


State 7

    2 pgm: pgm d .

    $default  reduce using rule 2 (pgm)


State 8

    5 d: VAR ID . '=' e ';'
    6  | VAR ID . ':' t ';'
    7  | VAR ID . ':' t '=' e ';'

    '='  shift, and go to state 12
    ':'  shift, and go to state 13


State 9

    3 d: FUN ID . '(' ae ')' ':' t '{' ss '}'
    4  | FUN ID . '(' ae ')' ':' t ';'

    '('  shift, and go to state 14


State 10

    8 d: ENUM ID . '{' de '}'

    '{'  shift, and go to state 15


State 11

    9 d: CLASS ID . '{' dd '}'

    '{'  shift, and go to state 16


State 12

    5 d: VAR ID '=' . e ';'

    CAST  shift, and go to state 17
    NEW   shift, and go to state 18
    NUM   shift, and go to state 19
    ID    shift, and go to state 20
    STR   shift, and go to state 21
    "++"  shift, and go to state 22
    "--"  shift, and go to state 23
    '&'   shift, and go to state 24
    '+'   shift, and go to state 25
    '-'   shift, and go to state 26
    '!'   shift, and go to state 27
    '~'   shift, and go to state 28
    '('   shift, and go to state 29

    e  go to state 30


State 13

    6 d: VAR ID ':' . t ';'
    7  | VAR ID ':' . t '=' e ';'

    ID  shift, and go to state 31

    ni  go to state 32
    t   go to state 33


State 14

    3 d: FUN ID '(' . ae ')' ':' t '{' ss '}'
    4  | FUN ID '(' . ae ')' ':' t ';'

    ID  shift, and go to state 34

    $default  reduce using rule 14 (ae)

    ae  go to state 35
    a   go to state 36
    av  go to state 37


State 15

    8 d: ENUM ID '{' . de '}'

    ID  shift, and go to state 38

    de  go to state 39


State 16

    9 d: CLASS ID '{' . dd '}'

    $default  reduce using rule 10 (dd)

    dd  go to state 40


State 17

   55 e: CAST . '(' t ',' e ')'

    '('  shift, and go to state 41


State 18

   72 e: NEW . t '(' eee ')'
   73  | NEW . t '[' ee ']'

    ID  shift, and go to state 31

    ni  go to state 32
    t   go to state 42


State 19

   36 e: NUM .

    $default  reduce using rule 36 (e)


State 20

   37 e: ID .

    $default  reduce using rule 37 (e)


State 21

   38 e: STR .

    $default  reduce using rule 38 (e)


State 22

   57 e: "++" . e

    CAST  shift, and go to state 17
    NEW   shift, and go to state 18
    NUM   shift, and go to state 19
    ID    shift, and go to state 20
    STR   shift, and go to state 21
    "++"  shift, and go to state 22
    "--"  shift, and go to state 23
    '&'   shift, and go to state 24
    '+'   shift, and go to state 25
    '-'   shift, and go to state 26
    '!'   shift, and go to state 27
    '~'   shift, and go to state 28
    '('   shift, and go to state 29

    e  go to state 43


State 23

   58 e: "--" . e

    CAST  shift, and go to state 17
    NEW   shift, and go to state 18
    NUM   shift, and go to state 19
    ID    shift, and go to state 20
    STR   shift, and go to state 21
    "++"  shift, and go to state 22
    "--"  shift, and go to state 23
    '&'   shift, and go to state 24
    '+'   shift, and go to state 25
    '-'   shift, and go to state 26
    '!'   shift, and go to state 27
    '~'   shift, and go to state 28
    '('   shift, and go to state 29

    e  go to state 44


State 24

   70 e: '&' . e

    CAST  shift, and go to state 17
    NEW   shift, and go to state 18
    NUM   shift, and go to state 19
    ID    shift, and go to state 20
    STR   shift, and go to state 21
    "++"  shift, and go to state 22
    "--"  shift, and go to state 23
    '&'   shift, and go to state 24
    '+'   shift, and go to state 25
    '-'   shift, and go to state 26
    '!'   shift, and go to state 27
    '~'   shift, and go to state 28
    '('   shift, and go to state 29

    e  go to state 45


State 25

   64 e: '+' . e

    CAST  shift, and go to state 17
    NEW   shift, and go to state 18
    NUM   shift, and go to state 19
    ID    shift, and go to state 20
    STR   shift, and go to state 21
    "++"  shift, and go to state 22
    "--"  shift, and go to state 23
    '&'   shift, and go to state 24
    '+'   shift, and go to state 25
    '-'   shift, and go to state 26
    '!'   shift, and go to state 27
    '~'   shift, and go to state 28
    '('   shift, and go to state 29

    e  go to state 46


State 26

   65 e: '-' . e

    CAST  shift, and go to state 17
    NEW   shift, and go to state 18
    NUM   shift, and go to state 19
    ID    shift, and go to state 20
    STR   shift, and go to state 21
    "++"  shift, and go to state 22
    "--"  shift, and go to state 23
    '&'   shift, and go to state 24
    '+'   shift, and go to state 25
    '-'   shift, and go to state 26
    '!'   shift, and go to state 27
    '~'   shift, and go to state 28
    '('   shift, and go to state 29

    e  go to state 47


State 27

   66 e: '!' . e

    CAST  shift, and go to state 17
    NEW   shift, and go to state 18
    NUM   shift, and go to state 19
    ID    shift, and go to state 20
    STR   shift, and go to state 21
    "++"  shift, and go to state 22
    "--"  shift, and go to state 23
    '&'   shift, and go to state 24
    '+'   shift, and go to state 25
    '-'   shift, and go to state 26
    '!'   shift, and go to state 27
    '~'   shift, and go to state 28
    '('   shift, and go to state 29

    e  go to state 48


State 28

   71 e: '~' . e

    CAST  shift, and go to state 17
    NEW   shift, and go to state 18
    NUM   shift, and go to state 19
    ID    shift, and go to state 20
    STR   shift, and go to state 21
    "++"  shift, and go to state 22
    "--"  shift, and go to state 23
    '&'   shift, and go to state 24
    '+'   shift, and go to state 25
    '-'   shift, and go to state 26
    '!'   shift, and go to state 27
    '~'   shift, and go to state 28
    '('   shift, and go to state 29

    e  go to state 49


State 29

   56 e: '(' . e ')'

    CAST  shift, and go to state 17
    NEW   shift, and go to state 18
    NUM   shift, and go to state 19
    ID    shift, and go to state 20
    STR   shift, and go to state 21
    "++"  shift, and go to state 22
    "--"  shift, and go to state 23
    '&'   shift, and go to state 24
    '+'   shift, and go to state 25
    '-'   shift, and go to state 26
    '!'   shift, and go to state 27
    '~'   shift, and go to state 28
    '('   shift, and go to state 29

    e  go to state 50


State 30

    5 d: VAR ID '=' e . ';'
   39 e: e . '=' e
   40  | e . '+' e
   41  | e . '-' e
   42  | e . '*' e
   43  | e . '/' e
   44  | e . '%' e
   45  | e . '<' e
   46  | e . "<=" e
   47  | e . '>' e
   48  | e . ">=" e
   49  | e . "!=" e
   50  | e . "==" e
   51  | e . "<<" e
   52  | e . ">>" e
   53  | e . "&&" e
   54  | e . "||" e
   59  | e . "++"
   60  | e . "--"
   61  | e . '.' e
   62  | e . '[' ee ']'
   63  | e . '(' eee ')'
   67  | e . '|' e
   68  | e . '&' e
   69  | e . '^' e

    "++"  shift, and go to state 51
    "--"  shift, and go to state 52
    "<<"  shift, and go to state 53
    ">>"  shift, and go to state 54
    "=="  shift, and go to state 55
    "!="  shift, and go to state 56
    ">="  shift, and go to state 57
    "<="  shift, and go to state 58
    "&&"  shift, and go to state 59
    "||"  shift, and go to state 60
    '='   shift, and go to state 61
    '|'   shift, and go to state 62
    '^'   shift, and go to state 63
    '&'   shift, and go to state 64
    '>'   shift, and go to state 65
    '<'   shift, and go to state 66
    '+'   shift, and go to state 67
    '-'   shift, and go to state 68
    '*'   shift, and go to state 69
    '/'   shift, and go to state 70
    '%'   shift, and go to state 71
    '.'   shift, and go to state 72
    '['   shift, and go to state 73
    '('   shift, and go to state 74
    ';'   shift, and go to state 75


State 31

   78 ni: ID .

    $default  reduce using rule 78 (ni)


State 32

   79 ni: ni . '.' ID
   80 t: ni .

    '.'  shift, and go to state 76

    $default  reduce using rule 80 (t)


State 33

    6 d: VAR ID ':' t . ';'
    7  | VAR ID ':' t . '=' e ';'
   81 t: t . '[' ']'

    '='  shift, and go to state 77
    '['  shift, and go to state 78
    ';'  shift, and go to state 79


State 34

   18 av: ID . '=' e
   19   | ID . ':' t
   20   | ID . ':' t '=' e

    '='  shift, and go to state 80
    ':'  shift, and go to state 81


State 35

    3 d: FUN ID '(' ae . ')' ':' t '{' ss '}'
    4  | FUN ID '(' ae . ')' ':' t ';'

    ')'  shift, and go to state 82


State 36

   15 ae: a .
   17 a: a . ',' av

    ','  shift, and go to state 83

    $default  reduce using rule 15 (ae)


State 37

   16 a: av .

    $default  reduce using rule 16 (a)


State 38

   12 de: ID .

    $default  reduce using rule 12 (de)


State 39

    8 d: ENUM ID '{' de . '}'
   13 de: de . ',' ID

    '}'  shift, and go to state 84
    ','  shift, and go to state 85


State 40

    9 d: CLASS ID '{' dd . '}'
   11 dd: dd . d

    VAR    shift, and go to state 3
    FUN    shift, and go to state 4
    ENUM   shift, and go to state 5
    CLASS  shift, and go to state 6
    '}'    shift, and go to state 86

    d  go to state 87


State 41

   55 e: CAST '(' . t ',' e ')'

    ID  shift, and go to state 31

    ni  go to state 32
    t   go to state 88


State 42

   72 e: NEW t . '(' eee ')'
   73  | NEW t . '[' ee ']'
   81 t: t . '[' ']'

    '['  shift, and go to state 89
    '('  shift, and go to state 90


State 43

   39 e: e . '=' e
   40  | e . '+' e
   41  | e . '-' e
   42  | e . '*' e
   43  | e . '/' e
   44  | e . '%' e
   45  | e . '<' e
   46  | e . "<=" e
   47  | e . '>' e
   48  | e . ">=" e
   49  | e . "!=" e
   50  | e . "==" e
   51  | e . "<<" e
   52  | e . ">>" e
   53  | e . "&&" e
   54  | e . "||" e
   57  | "++" e .
   59  | e . "++"
   60  | e . "--"
   61  | e . '.' e
   62  | e . '[' ee ']'
   63  | e . '(' eee ')'
   67  | e . '|' e
   68  | e . '&' e
   69  | e . '^' e

    '.'  shift, and go to state 72
    '['  shift, and go to state 73
    '('  shift, and go to state 74

    $default  reduce using rule 57 (e)


State 44

   39 e: e . '=' e
   40  | e . '+' e
   41  | e . '-' e
   42  | e . '*' e
   43  | e . '/' e
   44  | e . '%' e
   45  | e . '<' e
   46  | e . "<=" e
   47  | e . '>' e
   48  | e . ">=" e
   49  | e . "!=" e
   50  | e . "==" e
   51  | e . "<<" e
   52  | e . ">>" e
   53  | e . "&&" e
   54  | e . "||" e
   58  | "--" e .
   59  | e . "++"
   60  | e . "--"
   61  | e . '.' e
   62  | e . '[' ee ']'
   63  | e . '(' eee ')'
   67  | e . '|' e
   68  | e . '&' e
   69  | e . '^' e

    '.'  shift, and go to state 72
    '['  shift, and go to state 73
    '('  shift, and go to state 74

    $default  reduce using rule 58 (e)


State 45

   39 e: e . '=' e
   40  | e . '+' e
   41  | e . '-' e
   42  | e . '*' e
   43  | e . '/' e
   44  | e . '%' e
   45  | e . '<' e
   46  | e . "<=" e
   47  | e . '>' e
   48  | e . ">=" e
   49  | e . "!=" e
   50  | e . "==" e
   51  | e . "<<" e
   52  | e . ">>" e
   53  | e . "&&" e
   54  | e . "||" e
   59  | e . "++"
   60  | e . "--"
   61  | e . '.' e
   62  | e . '[' ee ']'
   63  | e . '(' eee ')'
   67  | e . '|' e
   68  | e . '&' e
   69  | e . '^' e
   70  | '&' e .

    "++"  shift, and go to state 51
    "--"  shift, and go to state 52
    "<<"  shift, and go to state 53
    ">>"  shift, and go to state 54
    "=="  shift, and go to state 55
    "!="  shift, and go to state 56
    ">="  shift, and go to state 57
    "<="  shift, and go to state 58
    '>'   shift, and go to state 65
    '<'   shift, and go to state 66
    '+'   shift, and go to state 67
    '-'   shift, and go to state 68
    '*'   shift, and go to state 69
    '/'   shift, and go to state 70
    '%'   shift, and go to state 71
    '.'   shift, and go to state 72
    '['   shift, and go to state 73
    '('   shift, and go to state 74

    $default  reduce using rule 70 (e)


State 46

   39 e: e . '=' e
   40  | e . '+' e
   41  | e . '-' e
   42  | e . '*' e
   43  | e . '/' e
   44  | e . '%' e
   45  | e . '<' e
   46  | e . "<=" e
   47  | e . '>' e
   48  | e . ">=" e
   49  | e . "!=" e
   50  | e . "==" e
   51  | e . "<<" e
   52  | e . ">>" e
   53  | e . "&&" e
   54  | e . "||" e
   59  | e . "++"
   60  | e . "--"
   61  | e . '.' e
   62  | e . '[' ee ']'
   63  | e . '(' eee ')'
   64  | '+' e .
   67  | e . '|' e
   68  | e . '&' e
   69  | e . '^' e

    '.'  shift, and go to state 72
    '['  shift, and go to state 73
    '('  shift, and go to state 74

    $default  reduce using rule 64 (e)


State 47

   39 e: e . '=' e
   40  | e . '+' e
   41  | e . '-' e
   42  | e . '*' e
   43  | e . '/' e
   44  | e . '%' e
   45  | e . '<' e
   46  | e . "<=" e
   47  | e . '>' e
   48  | e . ">=" e
   49  | e . "!=" e
   50  | e . "==" e
   51  | e . "<<" e
   52  | e . ">>" e
   53  | e . "&&" e
   54  | e . "||" e
   59  | e . "++"
   60  | e . "--"
   61  | e . '.' e
   62  | e . '[' ee ']'
   63  | e . '(' eee ')'
   65  | '-' e .
   67  | e . '|' e
   68  | e . '&' e
   69  | e . '^' e

    '.'  shift, and go to state 72
    '['  shift, and go to state 73
    '('  shift, and go to state 74

    $default  reduce using rule 65 (e)


State 48

   39 e: e . '=' e
   40  | e . '+' e
   41  | e . '-' e
   42  | e . '*' e
   43  | e . '/' e
   44  | e . '%' e
   45  | e . '<' e
   46  | e . "<=" e
   47  | e . '>' e
   48  | e . ">=" e
   49  | e . "!=" e
   50  | e . "==" e
   51  | e . "<<" e
   52  | e . ">>" e
   53  | e . "&&" e
   54  | e . "||" e
   59  | e . "++"
   60  | e . "--"
   61  | e . '.' e
   62  | e . '[' ee ']'
   63  | e . '(' eee ')'
   66  | '!' e .
   67  | e . '|' e
   68  | e . '&' e
   69  | e . '^' e

    '.'  shift, and go to state 72
    '['  shift, and go to state 73
    '('  shift, and go to state 74

    $default  reduce using rule 66 (e)


State 49

   39 e: e . '=' e
   40  | e . '+' e
   41  | e . '-' e
   42  | e . '*' e
   43  | e . '/' e
   44  | e . '%' e
   45  | e . '<' e
   46  | e . "<=" e
   47  | e . '>' e
   48  | e . ">=" e
   49  | e . "!=" e
   50  | e . "==" e
   51  | e . "<<" e
   52  | e . ">>" e
   53  | e . "&&" e
   54  | e . "||" e
   59  | e . "++"
   60  | e . "--"
   61  | e . '.' e
   62  | e . '[' ee ']'
   63  | e . '(' eee ')'
   67  | e . '|' e
   68  | e . '&' e
   69  | e . '^' e
   71  | '~' e .

    '.'  shift, and go to state 72
    '['  shift, and go to state 73
    '('  shift, and go to state 74

    $default  reduce using rule 71 (e)


State 50

   39 e: e . '=' e
   40  | e . '+' e
   41  | e . '-' e
   42  | e . '*' e
   43  | e . '/' e
   44  | e . '%' e
   45  | e . '<' e
   46  | e . "<=" e
   47  | e . '>' e
   48  | e . ">=" e
   49  | e . "!=" e
   50  | e . "==" e
   51  | e . "<<" e
   52  | e . ">>" e
   53  | e . "&&" e
   54  | e . "||" e
   56  | '(' e . ')'
   59  | e . "++"
   60  | e . "--"
   61  | e . '.' e
   62  | e . '[' ee ']'
   63  | e . '(' eee ')'
   67  | e . '|' e
   68  | e . '&' e
   69  | e . '^' e

    "++"  shift, and go to state 51
    "--"  shift, and go to state 52
    "<<"  shift, and go to state 53
    ">>"  shift, and go to state 54
    "=="  shift, and go to state 55
    "!="  shift, and go to state 56
    ">="  shift, and go to state 57
    "<="  shift, and go to state 58
    "&&"  shift, and go to state 59
    "||"  shift, and go to state 60
    '='   shift, and go to state 61
    '|'   shift, and go to state 62
    '^'   shift, and go to state 63
    '&'   shift, and go to state 64
    '>'   shift, and go to state 65
    '<'   shift, and go to state 66
    '+'   shift, and go to state 67
    '-'   shift, and go to state 68
    '*'   shift, and go to state 69
    '/'   shift, and go to state 70
    '%'   shift, and go to state 71
    '.'   shift, and go to state 72
    '['   shift, and go to state 73
    '('   shift, and go to state 74
    ')'   shift, and go to state 91


State 51

   59 e: e "++" .

    $default  reduce using rule 59 (e)


State 52

   60 e: e "--" .

    $default  reduce using rule 60 (e)


State 53

   51 e: e "<<" . e

    CAST  shift, and go to state 17
    NEW   shift, and go to state 18
    NUM   shift, and go to state 19
    ID    shift, and go to state 20
    STR   shift, and go to state 21
    "++"  shift, and go to state 22
    "--"  shift, and go to state 23
    '&'   shift, and go to state 24
    '+'   shift, and go to state 25
    '-'   shift, and go to state 26
    '!'   shift, and go to state 27
    '~'   shift, and go to state 28
    '('   shift, and go to state 29

    e  go to state 92


State 54

   52 e: e ">>" . e

    CAST  shift, and go to state 17
    NEW   shift, and go to state 18
    NUM   shift, and go to state 19
    ID    shift, and go to state 20
    STR   shift, and go to state 21
    "++"  shift, and go to state 22
    "--"  shift, and go to state 23
    '&'   shift, and go to state 24
    '+'   shift, and go to state 25
    '-'   shift, and go to state 26
    '!'   shift, and go to state 27
    '~'   shift, and go to state 28
    '('   shift, and go to state 29

    e  go to state 93


State 55

   50 e: e "==" . e

    CAST  shift, and go to state 17
    NEW   shift, and go to state 18
    NUM   shift, and go to state 19
    ID    shift, and go to state 20
    STR   shift, and go to state 21
    "++"  shift, and go to state 22
    "--"  shift, and go to state 23
    '&'   shift, and go to state 24
    '+'   shift, and go to state 25
    '-'   shift, and go to state 26
    '!'   shift, and go to state 27
    '~'   shift, and go to state 28
    '('   shift, and go to state 29

    e  go to state 94


State 56

   49 e: e "!=" . e

    CAST  shift, and go to state 17
    NEW   shift, and go to state 18
    NUM   shift, and go to state 19
    ID    shift, and go to state 20
    STR   shift, and go to state 21
    "++"  shift, and go to state 22
    "--"  shift, and go to state 23
    '&'   shift, and go to state 24
    '+'   shift, and go to state 25
    '-'   shift, and go to state 26
    '!'   shift, and go to state 27
    '~'   shift, and go to state 28
    '('   shift, and go to state 29

    e  go to state 95


State 57

   48 e: e ">=" . e

    CAST  shift, and go to state 17
    NEW   shift, and go to state 18
    NUM   shift, and go to state 19
    ID    shift, and go to state 20
    STR   shift, and go to state 21
    "++"  shift, and go to state 22
    "--"  shift, and go to state 23
    '&'   shift, and go to state 24
    '+'   shift, and go to state 25
    '-'   shift, and go to state 26
    '!'   shift, and go to state 27
    '~'   shift, and go to state 28
    '('   shift, and go to state 29

    e  go to state 96


State 58

   46 e: e "<=" . e

    CAST  shift, and go to state 17
    NEW   shift, and go to state 18
    NUM   shift, and go to state 19
    ID    shift, and go to state 20
    STR   shift, and go to state 21
    "++"  shift, and go to state 22
    "--"  shift, and go to state 23
    '&'   shift, and go to state 24
    '+'   shift, and go to state 25
    '-'   shift, and go to state 26
    '!'   shift, and go to state 27
    '~'   shift, and go to state 28
    '('   shift, and go to state 29

    e  go to state 97


State 59

   53 e: e "&&" . e

    CAST  shift, and go to state 17
    NEW   shift, and go to state 18
    NUM   shift, and go to state 19
    ID    shift, and go to state 20
    STR   shift, and go to state 21
    "++"  shift, and go to state 22
    "--"  shift, and go to state 23
    '&'   shift, and go to state 24
    '+'   shift, and go to state 25
    '-'   shift, and go to state 26
    '!'   shift, and go to state 27
    '~'   shift, and go to state 28
    '('   shift, and go to state 29

    e  go to state 98


State 60

   54 e: e "||" . e

    CAST  shift, and go to state 17
    NEW   shift, and go to state 18
    NUM   shift, and go to state 19
    ID    shift, and go to state 20
    STR   shift, and go to state 21
    "++"  shift, and go to state 22
    "--"  shift, and go to state 23
    '&'   shift, and go to state 24
    '+'   shift, and go to state 25
    '-'   shift, and go to state 26
    '!'   shift, and go to state 27
    '~'   shift, and go to state 28
    '('   shift, and go to state 29

    e  go to state 99


State 61

   39 e: e '=' . e

    CAST  shift, and go to state 17
    NEW   shift, and go to state 18
    NUM   shift, and go to state 19
    ID    shift, and go to state 20
    STR   shift, and go to state 21
    "++"  shift, and go to state 22
    "--"  shift, and go to state 23
    '&'   shift, and go to state 24
    '+'   shift, and go to state 25
    '-'   shift, and go to state 26
    '!'   shift, and go to state 27
    '~'   shift, and go to state 28
    '('   shift, and go to state 29

    e  go to state 100


State 62

   67 e: e '|' . e

    CAST  shift, and go to state 17
    NEW   shift, and go to state 18
    NUM   shift, and go to state 19
    ID    shift, and go to state 20
    STR   shift, and go to state 21
    "++"  shift, and go to state 22
    "--"  shift, and go to state 23
    '&'   shift, and go to state 24
    '+'   shift, and go to state 25
    '-'   shift, and go to state 26
    '!'   shift, and go to state 27
    '~'   shift, and go to state 28
    '('   shift, and go to state 29

    e  go to state 101


State 63

   69 e: e '^' . e

    CAST  shift, and go to state 17
    NEW   shift, and go to state 18
    NUM   shift, and go to state 19
    ID    shift, and go to state 20
    STR   shift, and go to state 21
    "++"  shift, and go to state 22
    "--"  shift, and go to state 23
    '&'   shift, and go to state 24
    '+'   shift, and go to state 25
    '-'   shift, and go to state 26
    '!'   shift, and go to state 27
    '~'   shift, and go to state 28
    '('   shift, and go to state 29

    e  go to state 102


State 64

   68 e: e '&' . e

    CAST  shift, and go to state 17
    NEW   shift, and go to state 18
    NUM   shift, and go to state 19
    ID    shift, and go to state 20
    STR   shift, and go to state 21
    "++"  shift, and go to state 22
    "--"  shift, and go to state 23
    '&'   shift, and go to state 24
    '+'   shift, and go to state 25
    '-'   shift, and go to state 26
    '!'   shift, and go to state 27
    '~'   shift, and go to state 28
    '('   shift, and go to state 29

    e  go to state 103


State 65

   47 e: e '>' . e

    CAST  shift, and go to state 17
    NEW   shift, and go to state 18
    NUM   shift, and go to state 19
    ID    shift, and go to state 20
    STR   shift, and go to state 21
    "++"  shift, and go to state 22
    "--"  shift, and go to state 23
    '&'   shift, and go to state 24
    '+'   shift, and go to state 25
    '-'   shift, and go to state 26
    '!'   shift, and go to state 27
    '~'   shift, and go to state 28
    '('   shift, and go to state 29

    e  go to state 104


State 66

   45 e: e '<' . e

    CAST  shift, and go to state 17
    NEW   shift, and go to state 18
    NUM   shift, and go to state 19
    ID    shift, and go to state 20
    STR   shift, and go to state 21
    "++"  shift, and go to state 22
    "--"  shift, and go to state 23
    '&'   shift, and go to state 24
    '+'   shift, and go to state 25
    '-'   shift, and go to state 26
    '!'   shift, and go to state 27
    '~'   shift, and go to state 28
    '('   shift, and go to state 29

    e  go to state 105


State 67

   40 e: e '+' . e

    CAST  shift, and go to state 17
    NEW   shift, and go to state 18
    NUM   shift, and go to state 19
    ID    shift, and go to state 20
    STR   shift, and go to state 21
    "++"  shift, and go to state 22
    "--"  shift, and go to state 23
    '&'   shift, and go to state 24
    '+'   shift, and go to state 25
    '-'   shift, and go to state 26
    '!'   shift, and go to state 27
    '~'   shift, and go to state 28
    '('   shift, and go to state 29

    e  go to state 106


State 68

   41 e: e '-' . e

    CAST  shift, and go to state 17
    NEW   shift, and go to state 18
    NUM   shift, and go to state 19
    ID    shift, and go to state 20
    STR   shift, and go to state 21
    "++"  shift, and go to state 22
    "--"  shift, and go to state 23
    '&'   shift, and go to state 24
    '+'   shift, and go to state 25
    '-'   shift, and go to state 26
    '!'   shift, and go to state 27
    '~'   shift, and go to state 28
    '('   shift, and go to state 29

    e  go to state 107


State 69

   42 e: e '*' . e

    CAST  shift, and go to state 17
    NEW   shift, and go to state 18
    NUM   shift, and go to state 19
    ID    shift, and go to state 20
    STR   shift, and go to state 21
    "++"  shift, and go to state 22
    "--"  shift, and go to state 23
    '&'   shift, and go to state 24
    '+'   shift, and go to state 25
    '-'   shift, and go to state 26
    '!'   shift, and go to state 27
    '~'   shift, and go to state 28
    '('   shift, and go to state 29

    e  go to state 108


State 70

   43 e: e '/' . e

    CAST  shift, and go to state 17
    NEW   shift, and go to state 18
    NUM   shift, and go to state 19
    ID    shift, and go to state 20
    STR   shift, and go to state 21
    "++"  shift, and go to state 22
    "--"  shift, and go to state 23
    '&'   shift, and go to state 24
    '+'   shift, and go to state 25
    '-'   shift, and go to state 26
    '!'   shift, and go to state 27
    '~'   shift, and go to state 28
    '('   shift, and go to state 29

    e  go to state 109


State 71

   44 e: e '%' . e

    CAST  shift, and go to state 17
    NEW   shift, and go to state 18
    NUM   shift, and go to state 19
    ID    shift, and go to state 20
    STR   shift, and go to state 21
    "++"  shift, and go to state 22
    "--"  shift, and go to state 23
    '&'   shift, and go to state 24
    '+'   shift, and go to state 25
    '-'   shift, and go to state 26
    '!'   shift, and go to state 27
    '~'   shift, and go to state 28
    '('   shift, and go to state 29

    e  go to state 110


State 72

   61 e: e '.' . e

    CAST  shift, and go to state 17
    NEW   shift, and go to state 18
    NUM   shift, and go to state 19
    ID    shift, and go to state 20
    STR   shift, and go to state 21
    "++"  shift, and go to state 22
    "--"  shift, and go to state 23
    '&'   shift, and go to state 24
    '+'   shift, and go to state 25
    '-'   shift, and go to state 26
    '!'   shift, and go to state 27
    '~'   shift, and go to state 28
    '('   shift, and go to state 29

    e  go to state 111


State 73

   62 e: e '[' . ee ']'

    CAST  shift, and go to state 17
    NEW   shift, and go to state 18
    NUM   shift, and go to state 19
    ID    shift, and go to state 20
    STR   shift, and go to state 21
    "++"  shift, and go to state 22
    "--"  shift, and go to state 23
    '&'   shift, and go to state 24
    '+'   shift, and go to state 25
    '-'   shift, and go to state 26
    '!'   shift, and go to state 27
    '~'   shift, and go to state 28
    '('   shift, and go to state 29

    e   go to state 112
    ee  go to state 113


State 74

   63 e: e '(' . eee ')'

    CAST  shift, and go to state 17
    NEW   shift, and go to state 18
    NUM   shift, and go to state 19
    ID    shift, and go to state 20
    STR   shift, and go to state 21
    "++"  shift, and go to state 22
    "--"  shift, and go to state 23
    '&'   shift, and go to state 24
    '+'   shift, and go to state 25
    '-'   shift, and go to state 26
    '!'   shift, and go to state 27
    '~'   shift, and go to state 28
    '('   shift, and go to state 29

    $default  reduce using rule 74 (eee)

    e    go to state 112
    eee  go to state 114
    ee   go to state 115


State 75

    5 d: VAR ID '=' e ';' .

    $default  reduce using rule 5 (d)


State 76

   79 ni: ni '.' . ID

    ID  shift, and go to state 116


State 77

    7 d: VAR ID ':' t '=' . e ';'

    CAST  shift, and go to state 17
    NEW   shift, and go to state 18
    NUM   shift, and go to state 19
    ID    shift, and go to state 20
    STR   shift, and go to state 21
    "++"  shift, and go to state 22
    "--"  shift, and go to state 23
    '&'   shift, and go to state 24
    '+'   shift, and go to state 25
    '-'   shift, and go to state 26
    '!'   shift, and go to state 27
    '~'   shift, and go to state 28
    '('   shift, and go to state 29

    e  go to state 117


State 78

   81 t: t '[' . ']'

    ']'  shift, and go to state 118


State 79

    6 d: VAR ID ':' t ';' .

    $default  reduce using rule 6 (d)


State 80

   18 av: ID '=' . e

    CAST  shift, and go to state 17
    NEW   shift, and go to state 18
    NUM   shift, and go to state 19
    ID    shift, and go to state 20
    STR   shift, and go to state 21
    "++"  shift, and go to state 22
    "--"  shift, and go to state 23
    '&'   shift, and go to state 24
    '+'   shift, and go to state 25
    '-'   shift, and go to state 26
    '!'   shift, and go to state 27
    '~'   shift, and go to state 28
    '('   shift, and go to state 29

    e  go to state 119


State 81

   19 av: ID ':' . t
   20   | ID ':' . t '=' e

    ID  shift, and go to state 31

    ni  go to state 32
    t   go to state 120


State 82

    3 d: FUN ID '(' ae ')' . ':' t '{' ss '}'
    4  | FUN ID '(' ae ')' . ':' t ';'

    ':'  shift, and go to state 121


State 83

   17 a: a ',' . av

    ID  shift, and go to state 34

    av  go to state 122


State 84

    8 d: ENUM ID '{' de '}' .

    $default  reduce using rule 8 (d)


State 85

   13 de: de ',' . ID

    ID  shift, and go to state 123


State 86

    9 d: CLASS ID '{' dd '}' .

    $default  reduce using rule 9 (d)


State 87

   11 dd: dd d .

    $default  reduce using rule 11 (dd)


State 88

   55 e: CAST '(' t . ',' e ')'
   81 t: t . '[' ']'

    '['  shift, and go to state 78
    ','  shift, and go to state 124


State 89

   73 e: NEW t '[' . ee ']'
   81 t: t '[' . ']'

    CAST  shift, and go to state 17
    NEW   shift, and go to state 18
    NUM   shift, and go to state 19
    ID    shift, and go to state 20
    STR   shift, and go to state 21
    "++"  shift, and go to state 22
    "--"  shift, and go to state 23
    '&'   shift, and go to state 24
    '+'   shift, and go to state 25
    '-'   shift, and go to state 26
    '!'   shift, and go to state 27
    '~'   shift, and go to state 28
    '('   shift, and go to state 29
    ']'   shift, and go to state 118

    e   go to state 112
    ee  go to state 125


State 90

   72 e: NEW t '(' . eee ')'

    CAST  shift, and go to state 17
    NEW   shift, and go to state 18
    NUM   shift, and go to state 19
    ID    shift, and go to state 20
    STR   shift, and go to state 21
    "++"  shift, and go to state 22
    "--"  shift, and go to state 23
    '&'   shift, and go to state 24
    '+'   shift, and go to state 25
    '-'   shift, and go to state 26
    '!'   shift, and go to state 27
    '~'   shift, and go to state 28
    '('   shift, and go to state 29

    $default  reduce using rule 74 (eee)

    e    go to state 112
    eee  go to state 126
    ee   go to state 115


State 91

   56 e: '(' e ')' .

    $default  reduce using rule 56 (e)


State 92

   39 e: e . '=' e
   40  | e . '+' e
   41  | e . '-' e
   42  | e . '*' e
   43  | e . '/' e
   44  | e . '%' e
   45  | e . '<' e
   46  | e . "<=" e
   47  | e . '>' e
   48  | e . ">=" e
   49  | e . "!=" e
   50  | e . "==" e
   51  | e . "<<" e
   51  | e "<<" e .
   52  | e . ">>" e
   53  | e . "&&" e
   54  | e . "||" e
   59  | e . "++"
   60  | e . "--"
   61  | e . '.' e
   62  | e . '[' ee ']'
   63  | e . '(' eee ')'
   67  | e . '|' e
   68  | e . '&' e
   69  | e . '^' e

    "++"  shift, and go to state 51
    "--"  shift, and go to state 52
    '+'   shift, and go to state 67
    '-'   shift, and go to state 68
    '*'   shift, and go to state 69
    '/'   shift, and go to state 70
    '%'   shift, and go to state 71
    '.'   shift, and go to state 72
    '['   shift, and go to state 73
    '('   shift, and go to state 74

    $default  reduce using rule 51 (e)


State 93

   39 e: e . '=' e
   40  | e . '+' e
   41  | e . '-' e
   42  | e . '*' e
   43  | e . '/' e
   44  | e . '%' e
   45  | e . '<' e
   46  | e . "<=" e
   47  | e . '>' e
   48  | e . ">=" e
   49  | e . "!=" e
   50  | e . "==" e
   51  | e . "<<" e
   52  | e . ">>" e
   52  | e ">>" e .
   53  | e . "&&" e
   54  | e . "||" e
   59  | e . "++"
   60  | e . "--"
   61  | e . '.' e
   62  | e . '[' ee ']'
   63  | e . '(' eee ')'
   67  | e . '|' e
   68  | e . '&' e
   69  | e . '^' e

    "++"  shift, and go to state 51
    "--"  shift, and go to state 52
    '+'   shift, and go to state 67
    '-'   shift, and go to state 68
    '*'   shift, and go to state 69
    '/'   shift, and go to state 70
    '%'   shift, and go to state 71
    '.'   shift, and go to state 72
    '['   shift, and go to state 73
    '('   shift, and go to state 74

    $default  reduce using rule 52 (e)


State 94

   39 e: e . '=' e
   40  | e . '+' e
   41  | e . '-' e
   42  | e . '*' e
   43  | e . '/' e
   44  | e . '%' e
   45  | e . '<' e
   46  | e . "<=" e
   47  | e . '>' e
   48  | e . ">=" e
   49  | e . "!=" e
   50  | e . "==" e
   50  | e "==" e .
   51  | e . "<<" e
   52  | e . ">>" e
   53  | e . "&&" e
   54  | e . "||" e
   59  | e . "++"
   60  | e . "--"
   61  | e . '.' e
   62  | e . '[' ee ']'
   63  | e . '(' eee ')'
   67  | e . '|' e
   68  | e . '&' e
   69  | e . '^' e

    "++"  shift, and go to state 51
    "--"  shift, and go to state 52
    "<<"  shift, and go to state 53
    ">>"  shift, and go to state 54
    ">="  shift, and go to state 57
    "<="  shift, and go to state 58
    '>'   shift, and go to state 65
    '<'   shift, and go to state 66
    '+'   shift, and go to state 67
    '-'   shift, and go to state 68
    '*'   shift, and go to state 69
    '/'   shift, and go to state 70
    '%'   shift, and go to state 71
    '.'   shift, and go to state 72
    '['   shift, and go to state 73
    '('   shift, and go to state 74

    $default  reduce using rule 50 (e)


State 95

   39 e: e . '=' e
   40  | e . '+' e
   41  | e . '-' e
   42  | e . '*' e
   43  | e . '/' e
   44  | e . '%' e
   45  | e . '<' e
   46  | e . "<=" e
   47  | e . '>' e
   48  | e . ">=" e
   49  | e . "!=" e
   49  | e "!=" e .
   50  | e . "==" e
   51  | e . "<<" e
   52  | e . ">>" e
   53  | e . "&&" e
   54  | e . "||" e
   59  | e . "++"
   60  | e . "--"
   61  | e . '.' e
   62  | e . '[' ee ']'
   63  | e . '(' eee ')'
   67  | e . '|' e
   68  | e . '&' e
   69  | e . '^' e

    "++"  shift, and go to state 51
    "--"  shift, and go to state 52
    "<<"  shift, and go to state 53
    ">>"  shift, and go to state 54
    ">="  shift, and go to state 57
    "<="  shift, and go to state 58
    '>'   shift, and go to state 65
    '<'   shift, and go to state 66
    '+'   shift, and go to state 67
    '-'   shift, and go to state 68
    '*'   shift, and go to state 69
    '/'   shift, and go to state 70
    '%'   shift, and go to state 71
    '.'   shift, and go to state 72
    '['   shift, and go to state 73
    '('   shift, and go to state 74

    $default  reduce using rule 49 (e)


State 96

   39 e: e . '=' e
   40  | e . '+' e
   41  | e . '-' e
   42  | e . '*' e
   43  | e . '/' e
   44  | e . '%' e
   45  | e . '<' e
   46  | e . "<=" e
   47  | e . '>' e
   48  | e . ">=" e
   48  | e ">=" e .
   49  | e . "!=" e
   50  | e . "==" e
   51  | e . "<<" e
   52  | e . ">>" e
   53  | e . "&&" e
   54  | e . "||" e
   59  | e . "++"
   60  | e . "--"
   61  | e . '.' e
   62  | e . '[' ee ']'
   63  | e . '(' eee ')'
   67  | e . '|' e
   68  | e . '&' e
   69  | e . '^' e

    "++"  shift, and go to state 51
    "--"  shift, and go to state 52
    "<<"  shift, and go to state 53
    ">>"  shift, and go to state 54
    '+'   shift, and go to state 67
    '-'   shift, and go to state 68
    '*'   shift, and go to state 69
    '/'   shift, and go to state 70
    '%'   shift, and go to state 71
    '.'   shift, and go to state 72
    '['   shift, and go to state 73
    '('   shift, and go to state 74

    $default  reduce using rule 48 (e)


State 97

   39 e: e . '=' e
   40  | e . '+' e
   41  | e . '-' e
   42  | e . '*' e
   43  | e . '/' e
   44  | e . '%' e
   45  | e . '<' e
   46  | e . "<=" e
   46  | e "<=" e .
   47  | e . '>' e
   48  | e . ">=" e
   49  | e . "!=" e
   50  | e . "==" e
   51  | e . "<<" e
   52  | e . ">>" e
   53  | e . "&&" e
   54  | e . "||" e
   59  | e . "++"
   60  | e . "--"
   61  | e . '.' e
   62  | e . '[' ee ']'
   63  | e . '(' eee ')'
   67  | e . '|' e
   68  | e . '&' e
   69  | e . '^' e

    "++"  shift, and go to state 51
    "--"  shift, and go to state 52
    "<<"  shift, and go to state 53
    ">>"  shift, and go to state 54
    '+'   shift, and go to state 67
    '-'   shift, and go to state 68
    '*'   shift, and go to state 69
    '/'   shift, and go to state 70
    '%'   shift, and go to state 71
    '.'   shift, and go to state 72
    '['   shift, and go to state 73
    '('   shift, and go to state 74

    $default  reduce using rule 46 (e)


State 98

   39 e: e . '=' e
   40  | e . '+' e
   41  | e . '-' e
   42  | e . '*' e
   43  | e . '/' e
   44  | e . '%' e
   45  | e . '<' e
   46  | e . "<=" e
   47  | e . '>' e
   48  | e . ">=" e
   49  | e . "!=" e
   50  | e . "==" e
   51  | e . "<<" e
   52  | e . ">>" e
   53  | e . "&&" e
   53  | e "&&" e .
   54  | e . "||" e
   59  | e . "++"
   60  | e . "--"
   61  | e . '.' e
   62  | e . '[' ee ']'
   63  | e . '(' eee ')'
   67  | e . '|' e
   68  | e . '&' e
   69  | e . '^' e

    "++"  shift, and go to state 51
    "--"  shift, and go to state 52
    "<<"  shift, and go to state 53
    ">>"  shift, and go to state 54
    "=="  shift, and go to state 55
    "!="  shift, and go to state 56
    ">="  shift, and go to state 57
    "<="  shift, and go to state 58
    '|'   shift, and go to state 62
    '^'   shift, and go to state 63
    '&'   shift, and go to state 64
    '>'   shift, and go to state 65
    '<'   shift, and go to state 66
    '+'   shift, and go to state 67
    '-'   shift, and go to state 68
    '*'   shift, and go to state 69
    '/'   shift, and go to state 70
    '%'   shift, and go to state 71
    '.'   shift, and go to state 72
    '['   shift, and go to state 73
    '('   shift, and go to state 74

    $default  reduce using rule 53 (e)


State 99

   39 e: e . '=' e
   40  | e . '+' e
   41  | e . '-' e
   42  | e . '*' e
   43  | e . '/' e
   44  | e . '%' e
   45  | e . '<' e
   46  | e . "<=" e
   47  | e . '>' e
   48  | e . ">=" e
   49  | e . "!=" e
   50  | e . "==" e
   51  | e . "<<" e
   52  | e . ">>" e
   53  | e . "&&" e
   54  | e . "||" e
   54  | e "||" e .
   59  | e . "++"
   60  | e . "--"
   61  | e . '.' e
   62  | e . '[' ee ']'
   63  | e . '(' eee ')'
   67  | e . '|' e
   68  | e . '&' e
   69  | e . '^' e

    "++"  shift, and go to state 51
    "--"  shift, and go to state 52
    "<<"  shift, and go to state 53
    ">>"  shift, and go to state 54
    "=="  shift, and go to state 55
    "!="  shift, and go to state 56
    ">="  shift, and go to state 57
    "<="  shift, and go to state 58
    "&&"  shift, and go to state 59
    '|'   shift, and go to state 62
    '^'   shift, and go to state 63
    '&'   shift, and go to state 64
    '>'   shift, and go to state 65
    '<'   shift, and go to state 66
    '+'   shift, and go to state 67
    '-'   shift, and go to state 68
    '*'   shift, and go to state 69
    '/'   shift, and go to state 70
    '%'   shift, and go to state 71
    '.'   shift, and go to state 72
    '['   shift, and go to state 73
    '('   shift, and go to state 74

    $default  reduce using rule 54 (e)


State 100

   39 e: e . '=' e
   39  | e '=' e .
   40  | e . '+' e
   41  | e . '-' e
   42  | e . '*' e
   43  | e . '/' e
   44  | e . '%' e
   45  | e . '<' e
   46  | e . "<=" e
   47  | e . '>' e
   48  | e . ">=" e
   49  | e . "!=" e
   50  | e . "==" e
   51  | e . "<<" e
   52  | e . ">>" e
   53  | e . "&&" e
   54  | e . "||" e
   59  | e . "++"
   60  | e . "--"
   61  | e . '.' e
   62  | e . '[' ee ']'
   63  | e . '(' eee ')'
   67  | e . '|' e
   68  | e . '&' e
   69  | e . '^' e

    "++"  shift, and go to state 51
    "--"  shift, and go to state 52
    "<<"  shift, and go to state 53
    ">>"  shift, and go to state 54
    "=="  shift, and go to state 55
    "!="  shift, and go to state 56
    ">="  shift, and go to state 57
    "<="  shift, and go to state 58
    "&&"  shift, and go to state 59
    "||"  shift, and go to state 60
    '='   shift, and go to state 61
    '|'   shift, and go to state 62
    '^'   shift, and go to state 63
    '&'   shift, and go to state 64
    '>'   shift, and go to state 65
    '<'   shift, and go to state 66
    '+'   shift, and go to state 67
    '-'   shift, and go to state 68
    '*'   shift, and go to state 69
    '/'   shift, and go to state 70
    '%'   shift, and go to state 71
    '.'   shift, and go to state 72
    '['   shift, and go to state 73
    '('   shift, and go to state 74

    $default  reduce using rule 39 (e)


State 101

   39 e: e . '=' e
   40  | e . '+' e
   41  | e . '-' e
   42  | e . '*' e
   43  | e . '/' e
   44  | e . '%' e
   45  | e . '<' e
   46  | e . "<=" e
   47  | e . '>' e
   48  | e . ">=" e
   49  | e . "!=" e
   50  | e . "==" e
   51  | e . "<<" e
   52  | e . ">>" e
   53  | e . "&&" e
   54  | e . "||" e
   59  | e . "++"
   60  | e . "--"
   61  | e . '.' e
   62  | e . '[' ee ']'
   63  | e . '(' eee ')'
   67  | e . '|' e
   67  | e '|' e .
   68  | e . '&' e
   69  | e . '^' e

    "++"  shift, and go to state 51
    "--"  shift, and go to state 52
    "<<"  shift, and go to state 53
    ">>"  shift, and go to state 54
    "=="  shift, and go to state 55
    "!="  shift, and go to state 56
    ">="  shift, and go to state 57
    "<="  shift, and go to state 58
    '^'   shift, and go to state 63
    '&'   shift, and go to state 64
    '>'   shift, and go to state 65
    '<'   shift, and go to state 66
    '+'   shift, and go to state 67
    '-'   shift, and go to state 68
    '*'   shift, and go to state 69
    '/'   shift, and go to state 70
    '%'   shift, and go to state 71
    '.'   shift, and go to state 72
    '['   shift, and go to state 73
    '('   shift, and go to state 74

    $default  reduce using rule 67 (e)


State 102

   39 e: e . '=' e
   40  | e . '+' e
   41  | e . '-' e
   42  | e . '*' e
   43  | e . '/' e
   44  | e . '%' e
   45  | e . '<' e
   46  | e . "<=" e
   47  | e . '>' e
   48  | e . ">=" e
   49  | e . "!=" e
   50  | e . "==" e
   51  | e . "<<" e
   52  | e . ">>" e
   53  | e . "&&" e
   54  | e . "||" e
   59  | e . "++"
   60  | e . "--"
   61  | e . '.' e
   62  | e . '[' ee ']'
   63  | e . '(' eee ')'
   67  | e . '|' e
   68  | e . '&' e
   69  | e . '^' e
   69  | e '^' e .

    "++"  shift, and go to state 51
    "--"  shift, and go to state 52
    "<<"  shift, and go to state 53
    ">>"  shift, and go to state 54
    "=="  shift, and go to state 55
    "!="  shift, and go to state 56
    ">="  shift, and go to state 57
    "<="  shift, and go to state 58
    '&'   shift, and go to state 64
    '>'   shift, and go to state 65
    '<'   shift, and go to state 66
    '+'   shift, and go to state 67
    '-'   shift, and go to state 68
    '*'   shift, and go to state 69
    '/'   shift, and go to state 70
    '%'   shift, and go to state 71
    '.'   shift, and go to state 72
    '['   shift, and go to state 73
    '('   shift, and go to state 74

    $default  reduce using rule 69 (e)


State 103

   39 e: e . '=' e
   40  | e . '+' e
   41  | e . '-' e
   42  | e . '*' e
   43  | e . '/' e
   44  | e . '%' e
   45  | e . '<' e
   46  | e . "<=" e
   47  | e . '>' e
   48  | e . ">=" e
   49  | e . "!=" e
   50  | e . "==" e
   51  | e . "<<" e
   52  | e . ">>" e
   53  | e . "&&" e
   54  | e . "||" e
   59  | e . "++"
   60  | e . "--"
   61  | e . '.' e
   62  | e . '[' ee ']'
   63  | e . '(' eee ')'
   67  | e . '|' e
   68  | e . '&' e
   68  | e '&' e .
   69  | e . '^' e

    "++"  shift, and go to state 51
    "--"  shift, and go to state 52
    "<<"  shift, and go to state 53
    ">>"  shift, and go to state 54
    "=="  shift, and go to state 55
    "!="  shift, and go to state 56
    ">="  shift, and go to state 57
    "<="  shift, and go to state 58
    '>'   shift, and go to state 65
    '<'   shift, and go to state 66
    '+'   shift, and go to state 67
    '-'   shift, and go to state 68
    '*'   shift, and go to state 69
    '/'   shift, and go to state 70
    '%'   shift, and go to state 71
    '.'   shift, and go to state 72
    '['   shift, and go to state 73
    '('   shift, and go to state 74

    $default  reduce using rule 68 (e)


State 104

   39 e: e . '=' e
   40  | e . '+' e
   41  | e . '-' e
   42  | e . '*' e
   43  | e . '/' e
   44  | e . '%' e
   45  | e . '<' e
   46  | e . "<=" e
   47  | e . '>' e
   47  | e '>' e .
   48  | e . ">=" e
   49  | e . "!=" e
   50  | e . "==" e
   51  | e . "<<" e
   52  | e . ">>" e
   53  | e . "&&" e
   54  | e . "||" e
   59  | e . "++"
   60  | e . "--"
   61  | e . '.' e
   62  | e . '[' ee ']'
   63  | e . '(' eee ')'
   67  | e . '|' e
   68  | e . '&' e
   69  | e . '^' e

    "++"  shift, and go to state 51
    "--"  shift, and go to state 52
    "<<"  shift, and go to state 53
    ">>"  shift, and go to state 54
    '+'   shift, and go to state 67
    '-'   shift, and go to state 68
    '*'   shift, and go to state 69
    '/'   shift, and go to state 70
    '%'   shift, and go to state 71
    '.'   shift, and go to state 72
    '['   shift, and go to state 73
    '('   shift, and go to state 74

    $default  reduce using rule 47 (e)


State 105

   39 e: e . '=' e
   40  | e . '+' e
   41  | e . '-' e
   42  | e . '*' e
   43  | e . '/' e
   44  | e . '%' e
   45  | e . '<' e
   45  | e '<' e .
   46  | e . "<=" e
   47  | e . '>' e
   48  | e . ">=" e
   49  | e . "!=" e
   50  | e . "==" e
   51  | e . "<<" e
   52  | e . ">>" e
   53  | e . "&&" e
   54  | e . "||" e
   59  | e . "++"
   60  | e . "--"
   61  | e . '.' e
   62  | e . '[' ee ']'
   63  | e . '(' eee ')'
   67  | e . '|' e
   68  | e . '&' e
   69  | e . '^' e

    "++"  shift, and go to state 51
    "--"  shift, and go to state 52
    "<<"  shift, and go to state 53
    ">>"  shift, and go to state 54
    '+'   shift, and go to state 67
    '-'   shift, and go to state 68
    '*'   shift, and go to state 69
    '/'   shift, and go to state 70
    '%'   shift, and go to state 71
    '.'   shift, and go to state 72
    '['   shift, and go to state 73
    '('   shift, and go to state 74

    $default  reduce using rule 45 (e)


State 106

   39 e: e . '=' e
   40  | e . '+' e
   40  | e '+' e .
   41  | e . '-' e
   42  | e . '*' e
   43  | e . '/' e
   44  | e . '%' e
   45  | e . '<' e
   46  | e . "<=" e
   47  | e . '>' e
   48  | e . ">=" e
   49  | e . "!=" e
   50  | e . "==" e
   51  | e . "<<" e
   52  | e . ">>" e
   53  | e . "&&" e
   54  | e . "||" e
   59  | e . "++"
   60  | e . "--"
   61  | e . '.' e
   62  | e . '[' ee ']'
   63  | e . '(' eee ')'
   67  | e . '|' e
   68  | e . '&' e
   69  | e . '^' e

    "++"  shift, and go to state 51
    "--"  shift, and go to state 52
    '*'   shift, and go to state 69
    '/'   shift, and go to state 70
    '%'   shift, and go to state 71
    '.'   shift, and go to state 72
    '['   shift, and go to state 73
    '('   shift, and go to state 74

    $default  reduce using rule 40 (e)


State 107

   39 e: e . '=' e
   40  | e . '+' e
   41  | e . '-' e
   41  | e '-' e .
   42  | e . '*' e
   43  | e . '/' e
   44  | e . '%' e
   45  | e . '<' e
   46  | e . "<=" e
   47  | e . '>' e
   48  | e . ">=" e
   49  | e . "!=" e
   50  | e . "==" e
   51  | e . "<<" e
   52  | e . ">>" e
   53  | e . "&&" e
   54  | e . "||" e
   59  | e . "++"
   60  | e . "--"
   61  | e . '.' e
   62  | e . '[' ee ']'
   63  | e . '(' eee ')'
   67  | e . '|' e
   68  | e . '&' e
   69  | e . '^' e

    "++"  shift, and go to state 51
    "--"  shift, and go to state 52
    '*'   shift, and go to state 69
    '/'   shift, and go to state 70
    '%'   shift, and go to state 71
    '.'   shift, and go to state 72
    '['   shift, and go to state 73
    '('   shift, and go to state 74

    $default  reduce using rule 41 (e)


State 108

   39 e: e . '=' e
   40  | e . '+' e
   41  | e . '-' e
   42  | e . '*' e
   42  | e '*' e .
   43  | e . '/' e
   44  | e . '%' e
   45  | e . '<' e
   46  | e . "<=" e
   47  | e . '>' e
   48  | e . ">=" e
   49  | e . "!=" e
   50  | e . "==" e
   51  | e . "<<" e
   52  | e . ">>" e
   53  | e . "&&" e
   54  | e . "||" e
   59  | e . "++"
   60  | e . "--"
   61  | e . '.' e
   62  | e . '[' ee ']'
   63  | e . '(' eee ')'
   67  | e . '|' e
   68  | e . '&' e
   69  | e . '^' e

    "++"  shift, and go to state 51
    "--"  shift, and go to state 52
    '.'   shift, and go to state 72
    '['   shift, and go to state 73
    '('   shift, and go to state 74

    $default  reduce using rule 42 (e)


State 109

   39 e: e . '=' e
   40  | e . '+' e
   41  | e . '-' e
   42  | e . '*' e
   43  | e . '/' e
   43  | e '/' e .
   44  | e . '%' e
   45  | e . '<' e
   46  | e . "<=" e
   47  | e . '>' e
   48  | e . ">=" e
   49  | e . "!=" e
   50  | e . "==" e
   51  | e . "<<" e
   52  | e . ">>" e
   53  | e . "&&" e
   54  | e . "||" e
   59  | e . "++"
   60  | e . "--"
   61  | e . '.' e
   62  | e . '[' ee ']'
   63  | e . '(' eee ')'
   67  | e . '|' e
   68  | e . '&' e
   69  | e . '^' e

    "++"  shift, and go to state 51
    "--"  shift, and go to state 52
    '.'   shift, and go to state 72
    '['   shift, and go to state 73
    '('   shift, and go to state 74

    $default  reduce using rule 43 (e)


State 110

   39 e: e . '=' e
   40  | e . '+' e
   41  | e . '-' e
   42  | e . '*' e
   43  | e . '/' e
   44  | e . '%' e
   44  | e '%' e .
   45  | e . '<' e
   46  | e . "<=" e
   47  | e . '>' e
   48  | e . ">=" e
   49  | e . "!=" e
   50  | e . "==" e
   51  | e . "<<" e
   52  | e . ">>" e
   53  | e . "&&" e
   54  | e . "||" e
   59  | e . "++"
   60  | e . "--"
   61  | e . '.' e
   62  | e . '[' ee ']'
   63  | e . '(' eee ')'
   67  | e . '|' e
   68  | e . '&' e
   69  | e . '^' e

    "++"  shift, and go to state 51
    "--"  shift, and go to state 52
    '.'   shift, and go to state 72
    '['   shift, and go to state 73
    '('   shift, and go to state 74

    $default  reduce using rule 44 (e)


State 111

   39 e: e . '=' e
   40  | e . '+' e
   41  | e . '-' e
   42  | e . '*' e
   43  | e . '/' e
   44  | e . '%' e
   45  | e . '<' e
   46  | e . "<=" e
   47  | e . '>' e
   48  | e . ">=" e
   49  | e . "!=" e
   50  | e . "==" e
   51  | e . "<<" e
   52  | e . ">>" e
   53  | e . "&&" e
   54  | e . "||" e
   59  | e . "++"
   60  | e . "--"
   61  | e . '.' e
   61  | e '.' e .
   62  | e . '[' ee ']'
   63  | e . '(' eee ')'
   67  | e . '|' e
   68  | e . '&' e
   69  | e . '^' e

    $default  reduce using rule 61 (e)


State 112

   39 e: e . '=' e
   40  | e . '+' e
   41  | e . '-' e
   42  | e . '*' e
   43  | e . '/' e
   44  | e . '%' e
   45  | e . '<' e
   46  | e . "<=" e
   47  | e . '>' e
   48  | e . ">=" e
   49  | e . "!=" e
   50  | e . "==" e
   51  | e . "<<" e
   52  | e . ">>" e
   53  | e . "&&" e
   54  | e . "||" e
   59  | e . "++"
   60  | e . "--"
   61  | e . '.' e
   62  | e . '[' ee ']'
   63  | e . '(' eee ')'
   67  | e . '|' e
   68  | e . '&' e
   69  | e . '^' e
   76 ee: e .

    "++"  shift, and go to state 51
    "--"  shift, and go to state 52
    "<<"  shift, and go to state 53
    ">>"  shift, and go to state 54
    "=="  shift, and go to state 55
    "!="  shift, and go to state 56
    ">="  shift, and go to state 57
    "<="  shift, and go to state 58
    "&&"  shift, and go to state 59
    "||"  shift, and go to state 60
    '='   shift, and go to state 61
    '|'   shift, and go to state 62
    '^'   shift, and go to state 63
    '&'   shift, and go to state 64
    '>'   shift, and go to state 65
    '<'   shift, and go to state 66
    '+'   shift, and go to state 67
    '-'   shift, and go to state 68
    '*'   shift, and go to state 69
    '/'   shift, and go to state 70
    '%'   shift, and go to state 71
    '.'   shift, and go to state 72
    '['   shift, and go to state 73
    '('   shift, and go to state 74

    $default  reduce using rule 76 (ee)


State 113

   62 e: e '[' ee . ']'
   77 ee: ee . ',' e

    ','  shift, and go to state 127
    ']'  shift, and go to state 128


State 114

   63 e: e '(' eee . ')'

    ')'  shift, and go to state 129


State 115

   75 eee: ee .
   77 ee: ee . ',' e

    ','  shift, and go to state 127

    $default  reduce using rule 75 (eee)


State 116

   79 ni: ni '.' ID .

    $default  reduce using rule 79 (ni)


State 117

    7 d: VAR ID ':' t '=' e . ';'
   39 e: e . '=' e
   40  | e . '+' e
   41  | e . '-' e
   42  | e . '*' e
   43  | e . '/' e
   44  | e . '%' e
   45  | e . '<' e
   46  | e . "<=" e
   47  | e . '>' e
   48  | e . ">=" e
   49  | e . "!=" e
   50  | e . "==" e
   51  | e . "<<" e
   52  | e . ">>" e
   53  | e . "&&" e
   54  | e . "||" e
   59  | e . "++"
   60  | e . "--"
   61  | e . '.' e
   62  | e . '[' ee ']'
   63  | e . '(' eee ')'
   67  | e . '|' e
   68  | e . '&' e
   69  | e . '^' e

    "++"  shift, and go to state 51
    "--"  shift, and go to state 52
    "<<"  shift, and go to state 53
    ">>"  shift, and go to state 54
    "=="  shift, and go to state 55
    "!="  shift, and go to state 56
    ">="  shift, and go to state 57
    "<="  shift, and go to state 58
    "&&"  shift, and go to state 59
    "||"  shift, and go to state 60
    '='   shift, and go to state 61
    '|'   shift, and go to state 62
    '^'   shift, and go to state 63
    '&'   shift, and go to state 64
    '>'   shift, and go to state 65
    '<'   shift, and go to state 66
    '+'   shift, and go to state 67
    '-'   shift, and go to state 68
    '*'   shift, and go to state 69
    '/'   shift, and go to state 70
    '%'   shift, and go to state 71
    '.'   shift, and go to state 72
    '['   shift, and go to state 73
    '('   shift, and go to state 74
    ';'   shift, and go to state 130


State 118

   81 t: t '[' ']' .

    $default  reduce using rule 81 (t)


State 119

   18 av: ID '=' e .
   39 e: e . '=' e
   40  | e . '+' e
   41  | e . '-' e
   42  | e . '*' e
   43  | e . '/' e
   44  | e . '%' e
   45  | e . '<' e
   46  | e . "<=" e
   47  | e . '>' e
   48  | e . ">=" e
   49  | e . "!=" e
   50  | e . "==" e
   51  | e . "<<" e
   52  | e . ">>" e
   53  | e . "&&" e
   54  | e . "||" e
   59  | e . "++"
   60  | e . "--"
   61  | e . '.' e
   62  | e . '[' ee ']'
   63  | e . '(' eee ')'
   67  | e . '|' e
   68  | e . '&' e
   69  | e . '^' e

    "++"  shift, and go to state 51
    "--"  shift, and go to state 52
    "<<"  shift, and go to state 53
    ">>"  shift, and go to state 54
    "=="  shift, and go to state 55
    "!="  shift, and go to state 56
    ">="  shift, and go to state 57
    "<="  shift, and go to state 58
    "&&"  shift, and go to state 59
    "||"  shift, and go to state 60
    '='   shift, and go to state 61
    '|'   shift, and go to state 62
    '^'   shift, and go to state 63
    '&'   shift, and go to state 64
    '>'   shift, and go to state 65
    '<'   shift, and go to state 66
    '+'   shift, and go to state 67
    '-'   shift, and go to state 68
    '*'   shift, and go to state 69
    '/'   shift, and go to state 70
    '%'   shift, and go to state 71
    '.'   shift, and go to state 72
    '['   shift, and go to state 73
    '('   shift, and go to state 74

    $default  reduce using rule 18 (av)


State 120

   19 av: ID ':' t .
   20   | ID ':' t . '=' e
   81 t: t . '[' ']'

    '='  shift, and go to state 131
    '['  shift, and go to state 78

    $default  reduce using rule 19 (av)


State 121

    3 d: FUN ID '(' ae ')' ':' . t '{' ss '}'
    4  | FUN ID '(' ae ')' ':' . t ';'

    ID  shift, and go to state 31

    ni  go to state 32
    t   go to state 132


State 122

   17 a: a ',' av .

    $default  reduce using rule 17 (a)


State 123

   13 de: de ',' ID .

    $default  reduce using rule 13 (de)


State 124

   55 e: CAST '(' t ',' . e ')'

    CAST  shift, and go to state 17
    NEW   shift, and go to state 18
    NUM   shift, and go to state 19
    ID    shift, and go to state 20
    STR   shift, and go to state 21
    "++"  shift, and go to state 22
    "--"  shift, and go to state 23
    '&'   shift, and go to state 24
    '+'   shift, and go to state 25
    '-'   shift, and go to state 26
    '!'   shift, and go to state 27
    '~'   shift, and go to state 28
    '('   shift, and go to state 29

    e  go to state 133


State 125

   73 e: NEW t '[' ee . ']'
   77 ee: ee . ',' e

    ','  shift, and go to state 127
    ']'  shift, and go to state 134


State 126

   72 e: NEW t '(' eee . ')'

    ')'  shift, and go to state 135


State 127

   77 ee: ee ',' . e

    CAST  shift, and go to state 17
    NEW   shift, and go to state 18
    NUM   shift, and go to state 19
    ID    shift, and go to state 20
    STR   shift, and go to state 21
    "++"  shift, and go to state 22
    "--"  shift, and go to state 23
    '&'   shift, and go to state 24
    '+'   shift, and go to state 25
    '-'   shift, and go to state 26
    '!'   shift, and go to state 27
    '~'   shift, and go to state 28
    '('   shift, and go to state 29

    e  go to state 136


State 128

   62 e: e '[' ee ']' .

    $default  reduce using rule 62 (e)


State 129

   63 e: e '(' eee ')' .

    $default  reduce using rule 63 (e)


State 130

    7 d: VAR ID ':' t '=' e ';' .

    $default  reduce using rule 7 (d)


State 131

   20 av: ID ':' t '=' . e

    CAST  shift, and go to state 17
    NEW   shift, and go to state 18
    NUM   shift, and go to state 19
    ID    shift, and go to state 20
    STR   shift, and go to state 21
    "++"  shift, and go to state 22
    "--"  shift, and go to state 23
    '&'   shift, and go to state 24
    '+'   shift, and go to state 25
    '-'   shift, and go to state 26
    '!'   shift, and go to state 27
    '~'   shift, and go to state 28
    '('   shift, and go to state 29

    e  go to state 137


State 132

    3 d: FUN ID '(' ae ')' ':' t . '{' ss '}'
    4  | FUN ID '(' ae ')' ':' t . ';'
   81 t: t . '[' ']'

    '['  shift, and go to state 78
    '{'  shift, and go to state 138
    ';'  shift, and go to state 139


State 133

   39 e: e . '=' e
   40  | e . '+' e
   41  | e . '-' e
   42  | e . '*' e
   43  | e . '/' e
   44  | e . '%' e
   45  | e . '<' e
   46  | e . "<=" e
   47  | e . '>' e
   48  | e . ">=" e
   49  | e . "!=" e
   50  | e . "==" e
   51  | e . "<<" e
   52  | e . ">>" e
   53  | e . "&&" e
   54  | e . "||" e
   55  | CAST '(' t ',' e . ')'
   59  | e . "++"
   60  | e . "--"
   61  | e . '.' e
   62  | e . '[' ee ']'
   63  | e . '(' eee ')'
   67  | e . '|' e
   68  | e . '&' e
   69  | e . '^' e

    "++"  shift, and go to state 51
    "--"  shift, and go to state 52
    "<<"  shift, and go to state 53
    ">>"  shift, and go to state 54
    "=="  shift, and go to state 55
    "!="  shift, and go to state 56
    ">="  shift, and go to state 57
    "<="  shift, and go to state 58
    "&&"  shift, and go to state 59
    "||"  shift, and go to state 60
    '='   shift, and go to state 61
    '|'   shift, and go to state 62
    '^'   shift, and go to state 63
    '&'   shift, and go to state 64
    '>'   shift, and go to state 65
    '<'   shift, and go to state 66
    '+'   shift, and go to state 67
    '-'   shift, and go to state 68
    '*'   shift, and go to state 69
    '/'   shift, and go to state 70
    '%'   shift, and go to state 71
    '.'   shift, and go to state 72
    '['   shift, and go to state 73
    '('   shift, and go to state 74
    ')'   shift, and go to state 140


State 134

   73 e: NEW t '[' ee ']' .

    $default  reduce using rule 73 (e)


State 135

   72 e: NEW t '(' eee ')' .

    $default  reduce using rule 72 (e)


State 136

   39 e: e . '=' e
   40  | e . '+' e
   41  | e . '-' e
   42  | e . '*' e
   43  | e . '/' e
   44  | e . '%' e
   45  | e . '<' e
   46  | e . "<=" e
   47  | e . '>' e
   48  | e . ">=" e
   49  | e . "!=" e
   50  | e . "==" e
   51  | e . "<<" e
   52  | e . ">>" e
   53  | e . "&&" e
   54  | e . "||" e
   59  | e . "++"
   60  | e . "--"
   61  | e . '.' e
   62  | e . '[' ee ']'
   63  | e . '(' eee ')'
   67  | e . '|' e
   68  | e . '&' e
   69  | e . '^' e
   77 ee: ee ',' e .

    "++"  shift, and go to state 51
    "--"  shift, and go to state 52
    "<<"  shift, and go to state 53
    ">>"  shift, and go to state 54
    "=="  shift, and go to state 55
    "!="  shift, and go to state 56
    ">="  shift, and go to state 57
    "<="  shift, and go to state 58
    "&&"  shift, and go to state 59
    "||"  shift, and go to state 60
    '='   shift, and go to state 61
    '|'   shift, and go to state 62
    '^'   shift, and go to state 63
    '&'   shift, and go to state 64
    '>'   shift, and go to state 65
    '<'   shift, and go to state 66
    '+'   shift, and go to state 67
    '-'   shift, and go to state 68
    '*'   shift, and go to state 69
    '/'   shift, and go to state 70
    '%'   shift, and go to state 71
    '.'   shift, and go to state 72
    '['   shift, and go to state 73
    '('   shift, and go to state 74

    $default  reduce using rule 77 (ee)


State 137

   20 av: ID ':' t '=' e .
   39 e: e . '=' e
   40  | e . '+' e
   41  | e . '-' e
   42  | e . '*' e
   43  | e . '/' e
   44  | e . '%' e
   45  | e . '<' e
   46  | e . "<=" e
   47  | e . '>' e
   48  | e . ">=" e
   49  | e . "!=" e
   50  | e . "==" e
   51  | e . "<<" e
   52  | e . ">>" e
   53  | e . "&&" e
   54  | e . "||" e
   59  | e . "++"
   60  | e . "--"
   61  | e . '.' e
   62  | e . '[' ee ']'
   63  | e . '(' eee ')'
   67  | e . '|' e
   68  | e . '&' e
   69  | e . '^' e

    "++"  shift, and go to state 51
    "--"  shift, and go to state 52
    "<<"  shift, and go to state 53
    ">>"  shift, and go to state 54
    "=="  shift, and go to state 55
    "!="  shift, and go to state 56
    ">="  shift, and go to state 57
    "<="  shift, and go to state 58
    "&&"  shift, and go to state 59
    "||"  shift, and go to state 60
    '='   shift, and go to state 61
    '|'   shift, and go to state 62
    '^'   shift, and go to state 63
    '&'   shift, and go to state 64
    '>'   shift, and go to state 65
    '<'   shift, and go to state 66
    '+'   shift, and go to state 67
    '-'   shift, and go to state 68
    '*'   shift, and go to state 69
    '/'   shift, and go to state 70
    '%'   shift, and go to state 71
    '.'   shift, and go to state 72
    '['   shift, and go to state 73
    '('   shift, and go to state 74

    $default  reduce using rule 20 (av)


State 138

    3 d: FUN ID '(' ae ')' ':' t '{' . ss '}'

    $default  reduce using rule 31 (ss)

    ss  go to state 141


State 139

    4 d: FUN ID '(' ae ')' ':' t ';' .

    $default  reduce using rule 4 (d)


State 140

   55 e: CAST '(' t ',' e ')' .

    $default  reduce using rule 55 (e)


State 141

    3 d: FUN ID '(' ae ')' ':' t '{' ss . '}'
   32 ss: ss . s

    VAR    shift, and go to state 142
    IF     shift, and go to state 143
    WHILE  shift, and go to state 144
    FOR    shift, and go to state 145
    CAST   shift, and go to state 17
    NEW    shift, and go to state 18
    NUM    shift, and go to state 19
    ID     shift, and go to state 20
    STR    shift, and go to state 21
    "++"   shift, and go to state 22
    "--"   shift, and go to state 23
    '&'    shift, and go to state 24
    '+'    shift, and go to state 25
    '-'    shift, and go to state 26
    '!'    shift, and go to state 27
    '~'    shift, and go to state 28
    '('    shift, and go to state 29
    '{'    shift, and go to state 146
    '}'    shift, and go to state 147
    ';'    shift, and go to state 148

    s  go to state 149
    e  go to state 150


State 142

   21 s: VAR . ID '=' e ';'
   22  | VAR . ID ':' t ';'
   23  | VAR . ID ':' t '=' e ';'

    ID  shift, and go to state 151


State 143

   25 s: IF . '(' ev ')' s
   26  | IF . '(' ev ')' s ELSE s

    '('  shift, and go to state 152


State 144

   28 s: WHILE . '(' ev ')' s

    '('  shift, and go to state 153


State 145

   27 s: FOR . '(' ev ';' e ';' e ')' s

    '('  shift, and go to state 154


State 146

   29 s: '{' . ss '}'

    $default  reduce using rule 31 (ss)

    ss  go to state 155


State 147

    3 d: FUN ID '(' ae ')' ':' t '{' ss '}' .

    $default  reduce using rule 3 (d)


State 148

   30 s: ';' .

    $default  reduce using rule 30 (s)


State 149

   32 ss: ss s .

    $default  reduce using rule 32 (ss)


State 150

   24 s: e . ';'
   39 e: e . '=' e
   40  | e . '+' e
   41  | e . '-' e
   42  | e . '*' e
   43  | e . '/' e
   44  | e . '%' e
   45  | e . '<' e
   46  | e . "<=" e
   47  | e . '>' e
   48  | e . ">=" e
   49  | e . "!=" e
   50  | e . "==" e
   51  | e . "<<" e
   52  | e . ">>" e
   53  | e . "&&" e
   54  | e . "||" e
   59  | e . "++"
   60  | e . "--"
   61  | e . '.' e
   62  | e . '[' ee ']'
   63  | e . '(' eee ')'
   67  | e . '|' e
   68  | e . '&' e
   69  | e . '^' e

    "++"  shift, and go to state 51
    "--"  shift, and go to state 52
    "<<"  shift, and go to state 53
    ">>"  shift, and go to state 54
    "=="  shift, and go to state 55
    "!="  shift, and go to state 56
    ">="  shift, and go to state 57
    "<="  shift, and go to state 58
    "&&"  shift, and go to state 59
    "||"  shift, and go to state 60
    '='   shift, and go to state 61
    '|'   shift, and go to state 62
    '^'   shift, and go to state 63
    '&'   shift, and go to state 64
    '>'   shift, and go to state 65
    '<'   shift, and go to state 66
    '+'   shift, and go to state 67
    '-'   shift, and go to state 68
    '*'   shift, and go to state 69
    '/'   shift, and go to state 70
    '%'   shift, and go to state 71
    '.'   shift, and go to state 72
    '['   shift, and go to state 73
    '('   shift, and go to state 74
    ';'   shift, and go to state 156


State 151

   21 s: VAR ID . '=' e ';'
   22  | VAR ID . ':' t ';'
   23  | VAR ID . ':' t '=' e ';'

    '='  shift, and go to state 157
    ':'  shift, and go to state 158


State 152

   25 s: IF '(' . ev ')' s
   26  | IF '(' . ev ')' s ELSE s

    VAR   shift, and go to state 159
    CAST  shift, and go to state 17
    NEW   shift, and go to state 18
    NUM   shift, and go to state 19
    ID    shift, and go to state 20
    STR   shift, and go to state 21
    "++"  shift, and go to state 22
    "--"  shift, and go to state 23
    '&'   shift, and go to state 24
    '+'   shift, and go to state 25
    '-'   shift, and go to state 26
    '!'   shift, and go to state 27
    '~'   shift, and go to state 28
    '('   shift, and go to state 29

    ev  go to state 160
    e   go to state 161


State 153

   28 s: WHILE '(' . ev ')' s

    VAR   shift, and go to state 159
    CAST  shift, and go to state 17
    NEW   shift, and go to state 18
    NUM   shift, and go to state 19
    ID    shift, and go to state 20
    STR   shift, and go to state 21
    "++"  shift, and go to state 22
    "--"  shift, and go to state 23
    '&'   shift, and go to state 24
    '+'   shift, and go to state 25
    '-'   shift, and go to state 26
    '!'   shift, and go to state 27
    '~'   shift, and go to state 28
    '('   shift, and go to state 29

    ev  go to state 162
    e   go to state 161


State 154

   27 s: FOR '(' . ev ';' e ';' e ')' s

    VAR   shift, and go to state 159
    CAST  shift, and go to state 17
    NEW   shift, and go to state 18
    NUM   shift, and go to state 19
    ID    shift, and go to state 20
    STR   shift, and go to state 21
    "++"  shift, and go to state 22
    "--"  shift, and go to state 23
    '&'   shift, and go to state 24
    '+'   shift, and go to state 25
    '-'   shift, and go to state 26
    '!'   shift, and go to state 27
    '~'   shift, and go to state 28
    '('   shift, and go to state 29

    ev  go to state 163
    e   go to state 161


State 155

   29 s: '{' ss . '}'
   32 ss: ss . s

    VAR    shift, and go to state 142
    IF     shift, and go to state 143
    WHILE  shift, and go to state 144
    FOR    shift, and go to state 145
    CAST   shift, and go to state 17
    NEW    shift, and go to state 18
    NUM    shift, and go to state 19
    ID     shift, and go to state 20
    STR    shift, and go to state 21
    "++"   shift, and go to state 22
    "--"   shift, and go to state 23
    '&'    shift, and go to state 24
    '+'    shift, and go to state 25
    '-'    shift, and go to state 26
    '!'    shift, and go to state 27
    '~'    shift, and go to state 28
    '('    shift, and go to state 29
    '{'    shift, and go to state 146
    '}'    shift, and go to state 164
    ';'    shift, and go to state 148

    s  go to state 149
    e  go to state 150


State 156

   24 s: e ';' .

    $default  reduce using rule 24 (s)


State 157

   21 s: VAR ID '=' . e ';'

    CAST  shift, and go to state 17
    NEW   shift, and go to state 18
    NUM   shift, and go to state 19
    ID    shift, and go to state 20
    STR   shift, and go to state 21
    "++"  shift, and go to state 22
    "--"  shift, and go to state 23
    '&'   shift, and go to state 24
    '+'   shift, and go to state 25
    '-'   shift, and go to state 26
    '!'   shift, and go to state 27
    '~'   shift, and go to state 28
    '('   shift, and go to state 29

    e  go to state 165


State 158

   22 s: VAR ID ':' . t ';'
   23  | VAR ID ':' . t '=' e ';'

    ID  shift, and go to state 31

    ni  go to state 32
    t   go to state 166


State 159

   34 ev: VAR . ID ':' t '=' e
   35   | VAR . ID '=' e

    ID  shift, and go to state 167


State 160

   25 s: IF '(' ev . ')' s
   26  | IF '(' ev . ')' s ELSE s

    ')'  shift, and go to state 168


State 161

   33 ev: e .
   39 e: e . '=' e
   40  | e . '+' e
   41  | e . '-' e
   42  | e . '*' e
   43  | e . '/' e
   44  | e . '%' e
   45  | e . '<' e
   46  | e . "<=" e
   47  | e . '>' e
   48  | e . ">=" e
   49  | e . "!=" e
   50  | e . "==" e
   51  | e . "<<" e
   52  | e . ">>" e
   53  | e . "&&" e
   54  | e . "||" e
   59  | e . "++"
   60  | e . "--"
   61  | e . '.' e
   62  | e . '[' ee ']'
   63  | e . '(' eee ')'
   67  | e . '|' e
   68  | e . '&' e
   69  | e . '^' e

    "++"  shift, and go to state 51
    "--"  shift, and go to state 52
    "<<"  shift, and go to state 53
    ">>"  shift, and go to state 54
    "=="  shift, and go to state 55
    "!="  shift, and go to state 56
    ">="  shift, and go to state 57
    "<="  shift, and go to state 58
    "&&"  shift, and go to state 59
    "||"  shift, and go to state 60
    '='   shift, and go to state 61
    '|'   shift, and go to state 62
    '^'   shift, and go to state 63
    '&'   shift, and go to state 64
    '>'   shift, and go to state 65
    '<'   shift, and go to state 66
    '+'   shift, and go to state 67
    '-'   shift, and go to state 68
    '*'   shift, and go to state 69
    '/'   shift, and go to state 70
    '%'   shift, and go to state 71
    '.'   shift, and go to state 72
    '['   shift, and go to state 73
    '('   shift, and go to state 74

    $default  reduce using rule 33 (ev)


State 162

   28 s: WHILE '(' ev . ')' s

    ')'  shift, and go to state 169


State 163

   27 s: FOR '(' ev . ';' e ';' e ')' s

    ';'  shift, and go to state 170


State 164

   29 s: '{' ss '}' .

    $default  reduce using rule 29 (s)


State 165

   21 s: VAR ID '=' e . ';'
   39 e: e . '=' e
   40  | e . '+' e
   41  | e . '-' e
   42  | e . '*' e
   43  | e . '/' e
   44  | e . '%' e
   45  | e . '<' e
   46  | e . "<=" e
   47  | e . '>' e
   48  | e . ">=" e
   49  | e . "!=" e
   50  | e . "==" e
   51  | e . "<<" e
   52  | e . ">>" e
   53  | e . "&&" e
   54  | e . "||" e
   59  | e . "++"
   60  | e . "--"
   61  | e . '.' e
   62  | e . '[' ee ']'
   63  | e . '(' eee ')'
   67  | e . '|' e
   68  | e . '&' e
   69  | e . '^' e

    "++"  shift, and go to state 51
    "--"  shift, and go to state 52
    "<<"  shift, and go to state 53
    ">>"  shift, and go to state 54
    "=="  shift, and go to state 55
    "!="  shift, and go to state 56
    ">="  shift, and go to state 57
    "<="  shift, and go to state 58
    "&&"  shift, and go to state 59
    "||"  shift, and go to state 60
    '='   shift, and go to state 61
    '|'   shift, and go to state 62
    '^'   shift, and go to state 63
    '&'   shift, and go to state 64
    '>'   shift, and go to state 65
    '<'   shift, and go to state 66
    '+'   shift, and go to state 67
    '-'   shift, and go to state 68
    '*'   shift, and go to state 69
    '/'   shift, and go to state 70
    '%'   shift, and go to state 71
    '.'   shift, and go to state 72
    '['   shift, and go to state 73
    '('   shift, and go to state 74
    ';'   shift, and go to state 171


State 166

   22 s: VAR ID ':' t . ';'
   23  | VAR ID ':' t . '=' e ';'
   81 t: t . '[' ']'

    '='  shift, and go to state 172
    '['  shift, and go to state 78
    ';'  shift, and go to state 173


State 167

   34 ev: VAR ID . ':' t '=' e
   35   | VAR ID . '=' e

    '='  shift, and go to state 174
    ':'  shift, and go to state 175


State 168

   25 s: IF '(' ev ')' . s
   26  | IF '(' ev ')' . s ELSE s

    VAR    shift, and go to state 142
    IF     shift, and go to state 143
    WHILE  shift, and go to state 144
    FOR    shift, and go to state 145
    CAST   shift, and go to state 17
    NEW    shift, and go to state 18
    NUM    shift, and go to state 19
    ID     shift, and go to state 20
    STR    shift, and go to state 21
    "++"   shift, and go to state 22
    "--"   shift, and go to state 23
    '&'    shift, and go to state 24
    '+'    shift, and go to state 25
    '-'    shift, and go to state 26
    '!'    shift, and go to state 27
    '~'    shift, and go to state 28
    '('    shift, and go to state 29
    '{'    shift, and go to state 146
    ';'    shift, and go to state 148

    s  go to state 176
    e  go to state 150


State 169

   28 s: WHILE '(' ev ')' . s

    VAR    shift, and go to state 142
    IF     shift, and go to state 143
    WHILE  shift, and go to state 144
    FOR    shift, and go to state 145
    CAST   shift, and go to state 17
    NEW    shift, and go to state 18
    NUM    shift, and go to state 19
    ID     shift, and go to state 20
    STR    shift, and go to state 21
    "++"   shift, and go to state 22
    "--"   shift, and go to state 23
    '&'    shift, and go to state 24
    '+'    shift, and go to state 25
    '-'    shift, and go to state 26
    '!'    shift, and go to state 27
    '~'    shift, and go to state 28
    '('    shift, and go to state 29
    '{'    shift, and go to state 146
    ';'    shift, and go to state 148

    s  go to state 177
    e  go to state 150


State 170

   27 s: FOR '(' ev ';' . e ';' e ')' s

    CAST  shift, and go to state 17
    NEW   shift, and go to state 18
    NUM   shift, and go to state 19
    ID    shift, and go to state 20
    STR   shift, and go to state 21
    "++"  shift, and go to state 22
    "--"  shift, and go to state 23
    '&'   shift, and go to state 24
    '+'   shift, and go to state 25
    '-'   shift, and go to state 26
    '!'   shift, and go to state 27
    '~'   shift, and go to state 28
    '('   shift, and go to state 29

    e  go to state 178


State 171

   21 s: VAR ID '=' e ';' .

    $default  reduce using rule 21 (s)


State 172

   23 s: VAR ID ':' t '=' . e ';'

    CAST  shift, and go to state 17
    NEW   shift, and go to state 18
    NUM   shift, and go to state 19
    ID    shift, and go to state 20
    STR   shift, and go to state 21
    "++"  shift, and go to state 22
    "--"  shift, and go to state 23
    '&'   shift, and go to state 24
    '+'   shift, and go to state 25
    '-'   shift, and go to state 26
    '!'   shift, and go to state 27
    '~'   shift, and go to state 28
    '('   shift, and go to state 29

    e  go to state 179


State 173

   22 s: VAR ID ':' t ';' .

    $default  reduce using rule 22 (s)


State 174

   35 ev: VAR ID '=' . e

    CAST  shift, and go to state 17
    NEW   shift, and go to state 18
    NUM   shift, and go to state 19
    ID    shift, and go to state 20
    STR   shift, and go to state 21
    "++"  shift, and go to state 22
    "--"  shift, and go to state 23
    '&'   shift, and go to state 24
    '+'   shift, and go to state 25
    '-'   shift, and go to state 26
    '!'   shift, and go to state 27
    '~'   shift, and go to state 28
    '('   shift, and go to state 29

    e  go to state 180


State 175

   34 ev: VAR ID ':' . t '=' e

    ID  shift, and go to state 31

    ni  go to state 32
    t   go to state 181


State 176

   25 s: IF '(' ev ')' s .
   26  | IF '(' ev ')' s . ELSE s

    ELSE  shift, and go to state 182

    ELSE      [reduce using rule 25 (s)]
    $default  reduce using rule 25 (s)


State 177

   28 s: WHILE '(' ev ')' s .

    $default  reduce using rule 28 (s)


State 178

   27 s: FOR '(' ev ';' e . ';' e ')' s
   39 e: e . '=' e
   40  | e . '+' e
   41  | e . '-' e
   42  | e . '*' e
   43  | e . '/' e
   44  | e . '%' e
   45  | e . '<' e
   46  | e . "<=" e
   47  | e . '>' e
   48  | e . ">=" e
   49  | e . "!=" e
   50  | e . "==" e
   51  | e . "<<" e
   52  | e . ">>" e
   53  | e . "&&" e
   54  | e . "||" e
   59  | e . "++"
   60  | e . "--"
   61  | e . '.' e
   62  | e . '[' ee ']'
   63  | e . '(' eee ')'
   67  | e . '|' e
   68  | e . '&' e
   69  | e . '^' e

    "++"  shift, and go to state 51
    "--"  shift, and go to state 52
    "<<"  shift, and go to state 53
    ">>"  shift, and go to state 54
    "=="  shift, and go to state 55
    "!="  shift, and go to state 56
    ">="  shift, and go to state 57
    "<="  shift, and go to state 58
    "&&"  shift, and go to state 59
    "||"  shift, and go to state 60
    '='   shift, and go to state 61
    '|'   shift, and go to state 62
    '^'   shift, and go to state 63
    '&'   shift, and go to state 64
    '>'   shift, and go to state 65
    '<'   shift, and go to state 66
    '+'   shift, and go to state 67
    '-'   shift, and go to state 68
    '*'   shift, and go to state 69
    '/'   shift, and go to state 70
    '%'   shift, and go to state 71
    '.'   shift, and go to state 72
    '['   shift, and go to state 73
    '('   shift, and go to state 74
    ';'   shift, and go to state 183


State 179

   23 s: VAR ID ':' t '=' e . ';'
   39 e: e . '=' e
   40  | e . '+' e
   41  | e . '-' e
   42  | e . '*' e
   43  | e . '/' e
   44  | e . '%' e
   45  | e . '<' e
   46  | e . "<=" e
   47  | e . '>' e
   48  | e . ">=" e
   49  | e . "!=" e
   50  | e . "==" e
   51  | e . "<<" e
   52  | e . ">>" e
   53  | e . "&&" e
   54  | e . "||" e
   59  | e . "++"
   60  | e . "--"
   61  | e . '.' e
   62  | e . '[' ee ']'
   63  | e . '(' eee ')'
   67  | e . '|' e
   68  | e . '&' e
   69  | e . '^' e

    "++"  shift, and go to state 51
    "--"  shift, and go to state 52
    "<<"  shift, and go to state 53
    ">>"  shift, and go to state 54
    "=="  shift, and go to state 55
    "!="  shift, and go to state 56
    ">="  shift, and go to state 57
    "<="  shift, and go to state 58
    "&&"  shift, and go to state 59
    "||"  shift, and go to state 60
    '='   shift, and go to state 61
    '|'   shift, and go to state 62
    '^'   shift, and go to state 63
    '&'   shift, and go to state 64
    '>'   shift, and go to state 65
    '<'   shift, and go to state 66
    '+'   shift, and go to state 67
    '-'   shift, and go to state 68
    '*'   shift, and go to state 69
    '/'   shift, and go to state 70
    '%'   shift, and go to state 71
    '.'   shift, and go to state 72
    '['   shift, and go to state 73
    '('   shift, and go to state 74
    ';'   shift, and go to state 184


State 180

   35 ev: VAR ID '=' e .
   39 e: e . '=' e
   40  | e . '+' e
   41  | e . '-' e
   42  | e . '*' e
   43  | e . '/' e
   44  | e . '%' e
   45  | e . '<' e
   46  | e . "<=" e
   47  | e . '>' e
   48  | e . ">=" e
   49  | e . "!=" e
   50  | e . "==" e
   51  | e . "<<" e
   52  | e . ">>" e
   53  | e . "&&" e
   54  | e . "||" e
   59  | e . "++"
   60  | e . "--"
   61  | e . '.' e
   62  | e . '[' ee ']'
   63  | e . '(' eee ')'
   67  | e . '|' e
   68  | e . '&' e
   69  | e . '^' e

    "++"  shift, and go to state 51
    "--"  shift, and go to state 52
    "<<"  shift, and go to state 53
    ">>"  shift, and go to state 54
    "=="  shift, and go to state 55
    "!="  shift, and go to state 56
    ">="  shift, and go to state 57
    "<="  shift, and go to state 58
    "&&"  shift, and go to state 59
    "||"  shift, and go to state 60
    '='   shift, and go to state 61
    '|'   shift, and go to state 62
    '^'   shift, and go to state 63
    '&'   shift, and go to state 64
    '>'   shift, and go to state 65
    '<'   shift, and go to state 66
    '+'   shift, and go to state 67
    '-'   shift, and go to state 68
    '*'   shift, and go to state 69
    '/'   shift, and go to state 70
    '%'   shift, and go to state 71
    '.'   shift, and go to state 72
    '['   shift, and go to state 73
    '('   shift, and go to state 74

    $default  reduce using rule 35 (ev)


State 181

   34 ev: VAR ID ':' t . '=' e
   81 t: t . '[' ']'

    '='  shift, and go to state 185
    '['  shift, and go to state 78


State 182

   26 s: IF '(' ev ')' s ELSE . s

    VAR    shift, and go to state 142
    IF     shift, and go to state 143
    WHILE  shift, and go to state 144
    FOR    shift, and go to state 145
    CAST   shift, and go to state 17
    NEW    shift, and go to state 18
    NUM    shift, and go to state 19
    ID     shift, and go to state 20
    STR    shift, and go to state 21
    "++"   shift, and go to state 22
    "--"   shift, and go to state 23
    '&'    shift, and go to state 24
    '+'    shift, and go to state 25
    '-'    shift, and go to state 26
    '!'    shift, and go to state 27
    '~'    shift, and go to state 28
    '('    shift, and go to state 29
    '{'    shift, and go to state 146
    ';'    shift, and go to state 148

    s  go to state 186
    e  go to state 150


State 183

   27 s: FOR '(' ev ';' e ';' . e ')' s

    CAST  shift, and go to state 17
    NEW   shift, and go to state 18
    NUM   shift, and go to state 19
    ID    shift, and go to state 20
    STR   shift, and go to state 21
    "++"  shift, and go to state 22
    "--"  shift, and go to state 23
    '&'   shift, and go to state 24
    '+'   shift, and go to state 25
    '-'   shift, and go to state 26
    '!'   shift, and go to state 27
    '~'   shift, and go to state 28
    '('   shift, and go to state 29

    e  go to state 187


State 184

   23 s: VAR ID ':' t '=' e ';' .

    $default  reduce using rule 23 (s)


State 185

   34 ev: VAR ID ':' t '=' . e

    CAST  shift, and go to state 17
    NEW   shift, and go to state 18
    NUM   shift, and go to state 19
    ID    shift, and go to state 20
    STR   shift, and go to state 21
    "++"  shift, and go to state 22
    "--"  shift, and go to state 23
    '&'   shift, and go to state 24
    '+'   shift, and go to state 25
    '-'   shift, and go to state 26
    '!'   shift, and go to state 27
    '~'   shift, and go to state 28
    '('   shift, and go to state 29

    e  go to state 188


State 186

   26 s: IF '(' ev ')' s ELSE s .

    $default  reduce using rule 26 (s)


State 187

   27 s: FOR '(' ev ';' e ';' e . ')' s
   39 e: e . '=' e
   40  | e . '+' e
   41  | e . '-' e
   42  | e . '*' e
   43  | e . '/' e
   44  | e . '%' e
   45  | e . '<' e
   46  | e . "<=" e
   47  | e . '>' e
   48  | e . ">=" e
   49  | e . "!=" e
   50  | e . "==" e
   51  | e . "<<" e
   52  | e . ">>" e
   53  | e . "&&" e
   54  | e . "||" e
   59  | e . "++"
   60  | e . "--"
   61  | e . '.' e
   62  | e . '[' ee ']'
   63  | e . '(' eee ')'
   67  | e . '|' e
   68  | e . '&' e
   69  | e . '^' e

    "++"  shift, and go to state 51
    "--"  shift, and go to state 52
    "<<"  shift, and go to state 53
    ">>"  shift, and go to state 54
    "=="  shift, and go to state 55
    "!="  shift, and go to state 56
    ">="  shift, and go to state 57
    "<="  shift, and go to state 58
    "&&"  shift, and go to state 59
    "||"  shift, and go to state 60
    '='   shift, and go to state 61
    '|'   shift, and go to state 62
    '^'   shift, and go to state 63
    '&'   shift, and go to state 64
    '>'   shift, and go to state 65
    '<'   shift, and go to state 66
    '+'   shift, and go to state 67
    '-'   shift, and go to state 68
    '*'   shift, and go to state 69
    '/'   shift, and go to state 70
    '%'   shift, and go to state 71
    '.'   shift, and go to state 72
    '['   shift, and go to state 73
    '('   shift, and go to state 74
    ')'   shift, and go to state 189


State 188

   34 ev: VAR ID ':' t '=' e .
   39 e: e . '=' e
   40  | e . '+' e
   41  | e . '-' e
   42  | e . '*' e
   43  | e . '/' e
   44  | e . '%' e
   45  | e . '<' e
   46  | e . "<=" e
   47  | e . '>' e
   48  | e . ">=" e
   49  | e . "!=" e
   50  | e . "==" e
   51  | e . "<<" e
   52  | e . ">>" e
   53  | e . "&&" e
   54  | e . "||" e
   59  | e . "++"
   60  | e . "--"
   61  | e . '.' e
   62  | e . '[' ee ']'
   63  | e . '(' eee ')'
   67  | e . '|' e
   68  | e . '&' e
   69  | e . '^' e

    "++"  shift, and go to state 51
    "--"  shift, and go to state 52
    "<<"  shift, and go to state 53
    ">>"  shift, and go to state 54
    "=="  shift, and go to state 55
    "!="  shift, and go to state 56
    ">="  shift, and go to state 57
    "<="  shift, and go to state 58
    "&&"  shift, and go to state 59
    "||"  shift, and go to state 60
    '='   shift, and go to state 61
    '|'   shift, and go to state 62
    '^'   shift, and go to state 63
    '&'   shift, and go to state 64
    '>'   shift, and go to state 65
    '<'   shift, and go to state 66
    '+'   shift, and go to state 67
    '-'   shift, and go to state 68
    '*'   shift, and go to state 69
    '/'   shift, and go to state 70
    '%'   shift, and go to state 71
    '.'   shift, and go to state 72
    '['   shift, and go to state 73
    '('   shift, and go to state 74

    $default  reduce using rule 34 (ev)


State 189

   27 s: FOR '(' ev ';' e ';' e ')' . s

    VAR    shift, and go to state 142
    IF     shift, and go to state 143
    WHILE  shift, and go to state 144
    FOR    shift, and go to state 145
    CAST   shift, and go to state 17
    NEW    shift, and go to state 18
    NUM    shift, and go to state 19
    ID     shift, and go to state 20
    STR    shift, and go to state 21
    "++"   shift, and go to state 22
    "--"   shift, and go to state 23
    '&'    shift, and go to state 24
    '+'    shift, and go to state 25
    '-'    shift, and go to state 26
    '!'    shift, and go to state 27
    '~'    shift, and go to state 28
    '('    shift, and go to state 29
    '{'    shift, and go to state 146
    ';'    shift, and go to state 148

    s  go to state 190
    e  go to state 150


State 190

   27 s: FOR '(' ev ';' e ';' e ')' s .

    $default  reduce using rule 27 (s)
